{"C:\\Users\\sally\\Desktop\\GitHubRep\\IU-Quiz-Academy\\Backend\\app.js": {"path":"C:\\Users\\sally\\Desktop\\GitHubRep\\IU-Quiz-Academy\\Backend\\app.js","statementMap":{"0":{"start":{"line":1,"column":0},"end":{"line":1,"column":27}},"1":{"start":{"line":2,"column":16},"end":{"line":2,"column":34}},"2":{"start":{"line":3,"column":13},"end":{"line":3,"column":28}},"3":{"start":{"line":4,"column":22},"end":{"line":4,"column":50}},"4":{"start":{"line":5,"column":111},"end":{"line":5,"column":130}},"5":{"start":{"line":6,"column":23},"end":{"line":6,"column":42}},"6":{"start":{"line":7,"column":22},"end":{"line":7,"column":60}},"7":{"start":{"line":8,"column":21},"end":{"line":8,"column":58}},"8":{"start":{"line":10,"column":12},"end":{"line":10,"column":21}},"9":{"start":{"line":13,"column":0},"end":{"line":13,"column":23}},"10":{"start":{"line":14,"column":0},"end":{"line":14,"column":24}},"11":{"start":{"line":15,"column":0},"end":{"line":18,"column":4}},"12":{"start":{"line":19,"column":0},"end":{"line":19,"column":22}},"13":{"start":{"line":22,"column":0},"end":{"line":22,"column":20}},"14":{"start":{"line":25,"column":0},"end":{"line":27,"column":3}},"15":{"start":{"line":26,"column":2},"end":{"line":26,"column":29}},"16":{"start":{"line":29,"column":0},"end":{"line":29,"column":21}}},"fnMap":{"0":{"name":"(anonymous_0)","decl":{"start":{"line":25,"column":23},"end":{"line":25,"column":24}},"loc":{"start":{"line":25,"column":37},"end":{"line":27,"column":1}},"line":25}},"branchMap":{},"s":{"0":7,"1":7,"2":7,"3":7,"4":7,"5":7,"6":7,"7":7,"8":7,"9":7,"10":7,"11":7,"12":7,"13":7,"14":7,"15":0,"16":7},"f":{"0":0},"b":{},"_coverageSchema":"1a1c01bbd47fc00a2c39e90264f33305004495a9","hash":"5545120681e2d58d0cc75df197bc6c7e6bbf9b45"}
,"C:\\Users\\sally\\Desktop\\GitHubRep\\IU-Quiz-Academy\\Backend\\config\\database.js": {"path":"C:\\Users\\sally\\Desktop\\GitHubRep\\IU-Quiz-Academy\\Backend\\config\\database.js","statementMap":{"0":{"start":{"line":2,"column":13},"end":{"line":2,"column":28}},"1":{"start":{"line":5,"column":0},"end":{"line":5,"column":71}},"2":{"start":{"line":8,"column":22},"end":{"line":8,"column":42}},"3":{"start":{"line":11,"column":18},"end":{"line":25,"column":1}},"4":{"start":{"line":29,"column":2},"end":{"line":37,"column":3}},"5":{"start":{"line":30,"column":4},"end":{"line":30,"column":35}},"6":{"start":{"line":31,"column":4},"end":{"line":31,"column":69}},"7":{"start":{"line":32,"column":4},"end":{"line":32,"column":16}},"8":{"start":{"line":35,"column":4},"end":{"line":35,"column":69}},"9":{"start":{"line":36,"column":4},"end":{"line":36,"column":17}},"10":{"start":{"line":41,"column":0},"end":{"line":44,"column":2}}},"fnMap":{"0":{"name":"testConnection","decl":{"start":{"line":28,"column":15},"end":{"line":28,"column":29}},"loc":{"start":{"line":28,"column":32},"end":{"line":38,"column":1}},"line":28}},"branchMap":{"0":{"loc":{"start":{"line":18,"column":10},"end":{"line":18,"column":37}},"type":"binary-expr","locations":[{"start":{"line":18,"column":10},"end":{"line":18,"column":29}},{"start":{"line":18,"column":33},"end":{"line":18,"column":37}}],"line":18}},"s":{"0":7,"1":7,"2":7,"3":7,"4":0,"5":0,"6":0,"7":0,"8":0,"9":0,"10":7},"f":{"0":0},"b":{"0":[7,0]},"_coverageSchema":"1a1c01bbd47fc00a2c39e90264f33305004495a9","hash":"e84ef12c97a40040a83759234fa353fc5c09689d"}
,"C:\\Users\\sally\\Desktop\\GitHubRep\\IU-Quiz-Academy\\Backend\\controllers\\answerInSessionController.js": {"path":"C:\\Users\\sally\\Desktop\\GitHubRep\\IU-Quiz-Academy\\Backend\\controllers\\answerInSessionController.js","statementMap":{"0":{"start":{"line":1,"column":51},"end":{"line":1,"column":71}},"1":{"start":{"line":4,"column":0},"end":{"line":21,"column":2}},"2":{"start":{"line":5,"column":24},"end":{"line":5,"column":34}},"3":{"start":{"line":7,"column":2},"end":{"line":20,"column":3}},"4":{"start":{"line":8,"column":20},"end":{"line":14,"column":6}},"5":{"start":{"line":16,"column":4},"end":{"line":16,"column":22}},"6":{"start":{"line":18,"column":4},"end":{"line":18,"column":61}},"7":{"start":{"line":19,"column":4},"end":{"line":19,"column":73}},"8":{"start":{"line":24,"column":0},"end":{"line":51,"column":2}},"9":{"start":{"line":25,"column":72},"end":{"line":25,"column":80}},"10":{"start":{"line":28,"column":2},"end":{"line":35,"column":3}},"11":{"start":{"line":34,"column":4},"end":{"line":34,"column":77}},"12":{"start":{"line":37,"column":2},"end":{"line":50,"column":3}},"13":{"start":{"line":38,"column":19},"end":{"line":44,"column":6}},"14":{"start":{"line":46,"column":4},"end":{"line":46,"column":33}},"15":{"start":{"line":48,"column":4},"end":{"line":48,"column":61}},"16":{"start":{"line":49,"column":4},"end":{"line":49,"column":73}},"17":{"start":{"line":54,"column":0},"end":{"line":70,"column":2}},"18":{"start":{"line":55,"column":17},"end":{"line":55,"column":27}},"19":{"start":{"line":57,"column":2},"end":{"line":69,"column":3}},"20":{"start":{"line":58,"column":20},"end":{"line":58,"column":68}},"21":{"start":{"line":60,"column":4},"end":{"line":63,"column":5}},"22":{"start":{"line":62,"column":6},"end":{"line":62,"column":71}},"23":{"start":{"line":65,"column":4},"end":{"line":65,"column":46}},"24":{"start":{"line":67,"column":4},"end":{"line":67,"column":59}},"25":{"start":{"line":68,"column":4},"end":{"line":68,"column":71}}},"fnMap":{"0":{"name":"(anonymous_0)","decl":{"start":{"line":4,"column":30},"end":{"line":4,"column":31}},"loc":{"start":{"line":4,"column":50},"end":{"line":21,"column":1}},"line":4},"1":{"name":"(anonymous_1)","decl":{"start":{"line":24,"column":23},"end":{"line":24,"column":24}},"loc":{"start":{"line":24,"column":43},"end":{"line":51,"column":1}},"line":24},"2":{"name":"(anonymous_2)","decl":{"start":{"line":54,"column":23},"end":{"line":54,"column":24}},"loc":{"start":{"line":54,"column":43},"end":{"line":70,"column":1}},"line":54}},"branchMap":{"0":{"loc":{"start":{"line":28,"column":2},"end":{"line":35,"column":3}},"type":"if","locations":[{"start":{"line":28,"column":2},"end":{"line":35,"column":3}},{"start":{},"end":{}}],"line":28},"1":{"loc":{"start":{"line":29,"column":4},"end":{"line":32,"column":27}},"type":"binary-expr","locations":[{"start":{"line":29,"column":4},"end":{"line":29,"column":31}},{"start":{"line":30,"column":4},"end":{"line":30,"column":28}},{"start":{"line":31,"column":4},"end":{"line":31,"column":37}},{"start":{"line":32,"column":4},"end":{"line":32,"column":27}}],"line":29},"2":{"loc":{"start":{"line":60,"column":4},"end":{"line":63,"column":5}},"type":"if","locations":[{"start":{"line":60,"column":4},"end":{"line":63,"column":5}},{"start":{},"end":{}}],"line":60}},"s":{"0":7,"1":7,"2":0,"3":0,"4":0,"5":0,"6":0,"7":0,"8":7,"9":0,"10":0,"11":0,"12":0,"13":0,"14":0,"15":0,"16":0,"17":7,"18":0,"19":0,"20":0,"21":0,"22":0,"23":0,"24":0,"25":0},"f":{"0":0,"1":0,"2":0},"b":{"0":[0,0],"1":[0,0,0,0],"2":[0,0]},"_coverageSchema":"1a1c01bbd47fc00a2c39e90264f33305004495a9","hash":"d3cd0849c2333c4c681c26e6a40f1193de8ce63a"}
,"C:\\Users\\sally\\Desktop\\GitHubRep\\IU-Quiz-Academy\\Backend\\controllers\\answerOptionController.js": {"path":"C:\\Users\\sally\\Desktop\\GitHubRep\\IU-Quiz-Academy\\Backend\\controllers\\answerOptionController.js","statementMap":{"0":{"start":{"line":1,"column":25},"end":{"line":1,"column":45}},"1":{"start":{"line":4,"column":0},"end":{"line":30,"column":2}},"2":{"start":{"line":6,"column":50},"end":{"line":6,"column":58}},"3":{"start":{"line":9,"column":2},"end":{"line":13,"column":3}},"4":{"start":{"line":10,"column":4},"end":{"line":12,"column":7}},"5":{"start":{"line":15,"column":2},"end":{"line":29,"column":3}},"6":{"start":{"line":17,"column":19},"end":{"line":21,"column":6}},"7":{"start":{"line":24,"column":4},"end":{"line":24,"column":33}},"8":{"start":{"line":27,"column":4},"end":{"line":27,"column":67}},"9":{"start":{"line":28,"column":4},"end":{"line":28,"column":79}},"10":{"start":{"line":33,"column":0},"end":{"line":50,"column":2}},"11":{"start":{"line":34,"column":25},"end":{"line":34,"column":35}},"12":{"start":{"line":36,"column":2},"end":{"line":49,"column":3}},"13":{"start":{"line":38,"column":20},"end":{"line":41,"column":6}},"14":{"start":{"line":44,"column":4},"end":{"line":44,"column":22}},"15":{"start":{"line":47,"column":4},"end":{"line":47,"column":67}},"16":{"start":{"line":48,"column":4},"end":{"line":48,"column":79}},"17":{"start":{"line":53,"column":0},"end":{"line":72,"column":2}},"18":{"start":{"line":54,"column":17},"end":{"line":54,"column":27}},"19":{"start":{"line":56,"column":2},"end":{"line":71,"column":3}},"20":{"start":{"line":58,"column":20},"end":{"line":58,"column":65}},"21":{"start":{"line":60,"column":4},"end":{"line":63,"column":5}},"22":{"start":{"line":62,"column":6},"end":{"line":62,"column":77}},"23":{"start":{"line":66,"column":4},"end":{"line":66,"column":52}},"24":{"start":{"line":69,"column":4},"end":{"line":69,"column":65}},"25":{"start":{"line":70,"column":4},"end":{"line":70,"column":77}}},"fnMap":{"0":{"name":"(anonymous_0)","decl":{"start":{"line":4,"column":29},"end":{"line":4,"column":30}},"loc":{"start":{"line":4,"column":49},"end":{"line":30,"column":1}},"line":4},"1":{"name":"(anonymous_1)","decl":{"start":{"line":33,"column":31},"end":{"line":33,"column":32}},"loc":{"start":{"line":33,"column":51},"end":{"line":50,"column":1}},"line":33},"2":{"name":"(anonymous_2)","decl":{"start":{"line":53,"column":29},"end":{"line":53,"column":30}},"loc":{"start":{"line":53,"column":49},"end":{"line":72,"column":1}},"line":53}},"branchMap":{"0":{"loc":{"start":{"line":9,"column":2},"end":{"line":13,"column":3}},"type":"if","locations":[{"start":{"line":9,"column":2},"end":{"line":13,"column":3}},{"start":{},"end":{}}],"line":9},"1":{"loc":{"start":{"line":9,"column":6},"end":{"line":9,"column":61}},"type":"binary-expr","locations":[{"start":{"line":9,"column":6},"end":{"line":9,"column":17}},{"start":{"line":9,"column":21},"end":{"line":9,"column":46}},{"start":{"line":9,"column":50},"end":{"line":9,"column":61}}],"line":9},"2":{"loc":{"start":{"line":60,"column":4},"end":{"line":63,"column":5}},"type":"if","locations":[{"start":{"line":60,"column":4},"end":{"line":63,"column":5}},{"start":{},"end":{}}],"line":60}},"s":{"0":7,"1":7,"2":1,"3":1,"4":0,"5":1,"6":1,"7":1,"8":0,"9":0,"10":7,"11":1,"12":1,"13":1,"14":1,"15":0,"16":0,"17":7,"18":2,"19":2,"20":2,"21":2,"22":1,"23":1,"24":0,"25":0},"f":{"0":1,"1":1,"2":2},"b":{"0":[0,1],"1":[1,1,1],"2":[1,1]},"_coverageSchema":"1a1c01bbd47fc00a2c39e90264f33305004495a9","hash":"9780a575602731ea27916d4770cbdea046328a7c"}
,"C:\\Users\\sally\\Desktop\\GitHubRep\\IU-Quiz-Academy\\Backend\\controllers\\forumPostController.js": {"path":"C:\\Users\\sally\\Desktop\\GitHubRep\\IU-Quiz-Academy\\Backend\\controllers\\forumPostController.js","statementMap":{"0":{"start":{"line":1,"column":28},"end":{"line":1,"column":48}},"1":{"start":{"line":4,"column":25},"end":{"line":28,"column":1}},"2":{"start":{"line":5,"column":2},"end":{"line":27,"column":3}},"3":{"start":{"line":6,"column":25},"end":{"line":6,"column":35}},"4":{"start":{"line":10,"column":18},"end":{"line":20,"column":6}},"5":{"start":{"line":22,"column":4},"end":{"line":22,"column":20}},"6":{"start":{"line":25,"column":4},"end":{"line":25,"column":62}},"7":{"start":{"line":26,"column":4},"end":{"line":26,"column":61}},"8":{"start":{"line":31,"column":19},"end":{"line":64,"column":1}},"9":{"start":{"line":32,"column":2},"end":{"line":63,"column":3}},"10":{"start":{"line":33,"column":44},"end":{"line":33,"column":52}},"11":{"start":{"line":36,"column":4},"end":{"line":38,"column":5}},"12":{"start":{"line":37,"column":6},"end":{"line":37,"column":97}},"13":{"start":{"line":41,"column":17},"end":{"line":45,"column":6}},"14":{"start":{"line":48,"column":21},"end":{"line":56,"column":6}},"15":{"start":{"line":58,"column":4},"end":{"line":58,"column":35}},"16":{"start":{"line":61,"column":4},"end":{"line":61,"column":68}},"17":{"start":{"line":62,"column":4},"end":{"line":62,"column":61}},"18":{"start":{"line":67,"column":0},"end":{"line":70,"column":2}}},"fnMap":{"0":{"name":"(anonymous_0)","decl":{"start":{"line":4,"column":25},"end":{"line":4,"column":26}},"loc":{"start":{"line":4,"column":45},"end":{"line":28,"column":1}},"line":4},"1":{"name":"(anonymous_1)","decl":{"start":{"line":31,"column":19},"end":{"line":31,"column":20}},"loc":{"start":{"line":31,"column":39},"end":{"line":64,"column":1}},"line":31}},"branchMap":{"0":{"loc":{"start":{"line":36,"column":4},"end":{"line":38,"column":5}},"type":"if","locations":[{"start":{"line":36,"column":4},"end":{"line":38,"column":5}},{"start":{},"end":{}}],"line":36},"1":{"loc":{"start":{"line":36,"column":8},"end":{"line":36,"column":42}},"type":"binary-expr","locations":[{"start":{"line":36,"column":8},"end":{"line":36,"column":18}},{"start":{"line":36,"column":22},"end":{"line":36,"column":30}},{"start":{"line":36,"column":34},"end":{"line":36,"column":42}}],"line":36}},"s":{"0":7,"1":7,"2":0,"3":0,"4":0,"5":0,"6":0,"7":0,"8":7,"9":0,"10":0,"11":0,"12":0,"13":0,"14":0,"15":0,"16":0,"17":0,"18":7},"f":{"0":0,"1":0},"b":{"0":[0,0],"1":[0,0,0]},"_coverageSchema":"1a1c01bbd47fc00a2c39e90264f33305004495a9","hash":"ed8c1ead9fa8068e4cca13a04d33a28b2c5b77e6"}
,"C:\\Users\\sally\\Desktop\\GitHubRep\\IU-Quiz-Academy\\Backend\\controllers\\forumThreadsController.js": {"path":"C:\\Users\\sally\\Desktop\\GitHubRep\\IU-Quiz-Academy\\Backend\\controllers\\forumThreadsController.js","statementMap":{"0":{"start":{"line":1,"column":40},"end":{"line":1,"column":60}},"1":{"start":{"line":5,"column":22},"end":{"line":34,"column":1}},"2":{"start":{"line":6,"column":2},"end":{"line":33,"column":3}},"3":{"start":{"line":7,"column":29},"end":{"line":7,"column":38}},"4":{"start":{"line":8,"column":18},"end":{"line":8,"column":54}},"5":{"start":{"line":11,"column":20},"end":{"line":26,"column":6}},"6":{"start":{"line":28,"column":4},"end":{"line":28,"column":22}},"7":{"start":{"line":31,"column":4},"end":{"line":31,"column":64}},"8":{"start":{"line":32,"column":4},"end":{"line":32,"column":61}},"9":{"start":{"line":37,"column":22},"end":{"line":65,"column":1}},"10":{"start":{"line":38,"column":2},"end":{"line":64,"column":3}},"11":{"start":{"line":40,"column":19},"end":{"line":53,"column":6}},"12":{"start":{"line":55,"column":4},"end":{"line":58,"column":5}},"13":{"start":{"line":57,"column":6},"end":{"line":57,"column":70}},"14":{"start":{"line":60,"column":4},"end":{"line":60,"column":21}},"15":{"start":{"line":62,"column":4},"end":{"line":62,"column":61}},"16":{"start":{"line":63,"column":4},"end":{"line":63,"column":61}},"17":{"start":{"line":68,"column":21},"end":{"line":89,"column":1}},"18":{"start":{"line":69,"column":2},"end":{"line":88,"column":3}},"19":{"start":{"line":70,"column":45},"end":{"line":70,"column":53}},"20":{"start":{"line":73,"column":4},"end":{"line":75,"column":5}},"21":{"start":{"line":74,"column":6},"end":{"line":74,"column":84}},"22":{"start":{"line":78,"column":19},"end":{"line":82,"column":6}},"23":{"start":{"line":84,"column":4},"end":{"line":84,"column":33}},"24":{"start":{"line":86,"column":4},"end":{"line":86,"column":65}},"25":{"start":{"line":87,"column":4},"end":{"line":87,"column":61}},"26":{"start":{"line":92,"column":0},"end":{"line":96,"column":2}}},"fnMap":{"0":{"name":"(anonymous_0)","decl":{"start":{"line":5,"column":22},"end":{"line":5,"column":23}},"loc":{"start":{"line":5,"column":42},"end":{"line":34,"column":1}},"line":5},"1":{"name":"(anonymous_1)","decl":{"start":{"line":37,"column":22},"end":{"line":37,"column":23}},"loc":{"start":{"line":37,"column":42},"end":{"line":65,"column":1}},"line":37},"2":{"name":"(anonymous_2)","decl":{"start":{"line":68,"column":21},"end":{"line":68,"column":22}},"loc":{"start":{"line":68,"column":41},"end":{"line":89,"column":1}},"line":68}},"branchMap":{"0":{"loc":{"start":{"line":8,"column":18},"end":{"line":8,"column":54}},"type":"cond-expr","locations":[{"start":{"line":8,"column":33},"end":{"line":8,"column":49}},{"start":{"line":8,"column":52},"end":{"line":8,"column":54}}],"line":8},"1":{"loc":{"start":{"line":55,"column":4},"end":{"line":58,"column":5}},"type":"if","locations":[{"start":{"line":55,"column":4},"end":{"line":58,"column":5}},{"start":{},"end":{}}],"line":55},"2":{"loc":{"start":{"line":73,"column":4},"end":{"line":75,"column":5}},"type":"if","locations":[{"start":{"line":73,"column":4},"end":{"line":75,"column":5}},{"start":{},"end":{}}],"line":73},"3":{"loc":{"start":{"line":73,"column":8},"end":{"line":73,"column":26}},"type":"binary-expr","locations":[{"start":{"line":73,"column":8},"end":{"line":73,"column":14}},{"start":{"line":73,"column":18},"end":{"line":73,"column":26}}],"line":73},"4":{"loc":{"start":{"line":81,"column":20},"end":{"line":81,"column":40}},"type":"binary-expr","locations":[{"start":{"line":81,"column":20},"end":{"line":81,"column":32}},{"start":{"line":81,"column":36},"end":{"line":81,"column":40}}],"line":81}},"s":{"0":7,"1":7,"2":0,"3":0,"4":0,"5":0,"6":0,"7":0,"8":0,"9":7,"10":0,"11":0,"12":0,"13":0,"14":0,"15":0,"16":0,"17":7,"18":0,"19":0,"20":0,"21":0,"22":0,"23":0,"24":0,"25":0,"26":7},"f":{"0":0,"1":0,"2":0},"b":{"0":[0,0],"1":[0,0],"2":[0,0],"3":[0,0],"4":[0,0]},"_coverageSchema":"1a1c01bbd47fc00a2c39e90264f33305004495a9","hash":"979e7ef5f0946c0841bf7def5f0994b67f9299ff"}
,"C:\\Users\\sally\\Desktop\\GitHubRep\\IU-Quiz-Academy\\Backend\\controllers\\questionController.js": {"path":"C:\\Users\\sally\\Desktop\\GitHubRep\\IU-Quiz-Academy\\Backend\\controllers\\questionController.js","statementMap":{"0":{"start":{"line":1,"column":21},"end":{"line":1,"column":41}},"1":{"start":{"line":4,"column":0},"end":{"line":30,"column":2}},"2":{"start":{"line":6,"column":59},"end":{"line":6,"column":67}},"3":{"start":{"line":9,"column":2},"end":{"line":13,"column":3}},"4":{"start":{"line":10,"column":4},"end":{"line":12,"column":7}},"5":{"start":{"line":15,"column":2},"end":{"line":29,"column":3}},"6":{"start":{"line":17,"column":21},"end":{"line":21,"column":6}},"7":{"start":{"line":24,"column":4},"end":{"line":24,"column":35}},"8":{"start":{"line":27,"column":4},"end":{"line":27,"column":59}},"9":{"start":{"line":28,"column":4},"end":{"line":28,"column":71}},"10":{"start":{"line":33,"column":0},"end":{"line":45,"column":2}},"11":{"start":{"line":34,"column":17},"end":{"line":34,"column":27}},"12":{"start":{"line":35,"column":2},"end":{"line":44,"column":3}},"13":{"start":{"line":36,"column":21},"end":{"line":36,"column":48}},"14":{"start":{"line":37,"column":4},"end":{"line":39,"column":5}},"15":{"start":{"line":38,"column":6},"end":{"line":38,"column":69}},"16":{"start":{"line":40,"column":4},"end":{"line":40,"column":23}},"17":{"start":{"line":42,"column":4},"end":{"line":42,"column":57}},"18":{"start":{"line":43,"column":4},"end":{"line":43,"column":69}},"19":{"start":{"line":48,"column":0},"end":{"line":65,"column":2}},"20":{"start":{"line":49,"column":25},"end":{"line":49,"column":35}},"21":{"start":{"line":51,"column":2},"end":{"line":64,"column":3}},"22":{"start":{"line":53,"column":22},"end":{"line":56,"column":6}},"23":{"start":{"line":59,"column":4},"end":{"line":59,"column":24}},"24":{"start":{"line":62,"column":4},"end":{"line":62,"column":58}},"25":{"start":{"line":63,"column":4},"end":{"line":63,"column":70}},"26":{"start":{"line":68,"column":0},"end":{"line":87,"column":2}},"27":{"start":{"line":69,"column":17},"end":{"line":69,"column":27}},"28":{"start":{"line":71,"column":2},"end":{"line":86,"column":3}},"29":{"start":{"line":73,"column":20},"end":{"line":73,"column":61}},"30":{"start":{"line":75,"column":4},"end":{"line":78,"column":5}},"31":{"start":{"line":77,"column":6},"end":{"line":77,"column":69}},"32":{"start":{"line":81,"column":4},"end":{"line":81,"column":44}},"33":{"start":{"line":84,"column":4},"end":{"line":84,"column":57}},"34":{"start":{"line":85,"column":4},"end":{"line":85,"column":69}}},"fnMap":{"0":{"name":"(anonymous_0)","decl":{"start":{"line":4,"column":25},"end":{"line":4,"column":26}},"loc":{"start":{"line":4,"column":45},"end":{"line":30,"column":1}},"line":4},"1":{"name":"(anonymous_1)","decl":{"start":{"line":33,"column":26},"end":{"line":33,"column":27}},"loc":{"start":{"line":33,"column":46},"end":{"line":45,"column":1}},"line":33},"2":{"name":"(anonymous_2)","decl":{"start":{"line":48,"column":29},"end":{"line":48,"column":30}},"loc":{"start":{"line":48,"column":49},"end":{"line":65,"column":1}},"line":48},"3":{"name":"(anonymous_3)","decl":{"start":{"line":68,"column":25},"end":{"line":68,"column":26}},"loc":{"start":{"line":68,"column":45},"end":{"line":87,"column":1}},"line":68}},"branchMap":{"0":{"loc":{"start":{"line":9,"column":2},"end":{"line":13,"column":3}},"type":"if","locations":[{"start":{"line":9,"column":2},"end":{"line":13,"column":3}},{"start":{},"end":{}}],"line":9},"1":{"loc":{"start":{"line":9,"column":6},"end":{"line":9,"column":70}},"type":"binary-expr","locations":[{"start":{"line":9,"column":6},"end":{"line":9,"column":17}},{"start":{"line":9,"column":21},"end":{"line":9,"column":34}},{"start":{"line":9,"column":38},"end":{"line":9,"column":70}}],"line":9},"2":{"loc":{"start":{"line":37,"column":4},"end":{"line":39,"column":5}},"type":"if","locations":[{"start":{"line":37,"column":4},"end":{"line":39,"column":5}},{"start":{},"end":{}}],"line":37},"3":{"loc":{"start":{"line":75,"column":4},"end":{"line":78,"column":5}},"type":"if","locations":[{"start":{"line":75,"column":4},"end":{"line":78,"column":5}},{"start":{},"end":{}}],"line":75}},"s":{"0":7,"1":7,"2":0,"3":0,"4":0,"5":0,"6":0,"7":0,"8":0,"9":0,"10":7,"11":0,"12":0,"13":0,"14":0,"15":0,"16":0,"17":0,"18":0,"19":7,"20":0,"21":0,"22":0,"23":0,"24":0,"25":0,"26":7,"27":0,"28":0,"29":0,"30":0,"31":0,"32":0,"33":0,"34":0},"f":{"0":0,"1":0,"2":0,"3":0},"b":{"0":[0,0],"1":[0,0,0],"2":[0,0],"3":[0,0]},"_coverageSchema":"1a1c01bbd47fc00a2c39e90264f33305004495a9","hash":"58555e24df41d8bd56d33b50f6ea09ec7e8ab1bb"}
,"C:\\Users\\sally\\Desktop\\GitHubRep\\IU-Quiz-Academy\\Backend\\controllers\\quizRoomController.js": {"path":"C:\\Users\\sally\\Desktop\\GitHubRep\\IU-Quiz-Academy\\Backend\\controllers\\quizRoomController.js","statementMap":{"0":{"start":{"line":1,"column":27},"end":{"line":1,"column":47}},"1":{"start":{"line":5,"column":0},"end":{"line":19,"column":2}},"2":{"start":{"line":6,"column":2},"end":{"line":18,"column":3}},"3":{"start":{"line":7,"column":18},"end":{"line":13,"column":6}},"4":{"start":{"line":14,"column":4},"end":{"line":14,"column":20}},"5":{"start":{"line":16,"column":4},"end":{"line":16,"column":62}},"6":{"start":{"line":17,"column":4},"end":{"line":17,"column":74}},"7":{"start":{"line":22,"column":0},"end":{"line":43,"column":2}},"8":{"start":{"line":23,"column":31},"end":{"line":23,"column":39}},"9":{"start":{"line":24,"column":19},"end":{"line":24,"column":34}},"10":{"start":{"line":27,"column":2},"end":{"line":29,"column":3}},"11":{"start":{"line":28,"column":4},"end":{"line":28,"column":85}},"12":{"start":{"line":31,"column":2},"end":{"line":42,"column":3}},"13":{"start":{"line":33,"column":17},"end":{"line":37,"column":6}},"14":{"start":{"line":38,"column":4},"end":{"line":38,"column":31}},"15":{"start":{"line":40,"column":4},"end":{"line":40,"column":64}},"16":{"start":{"line":41,"column":4},"end":{"line":41,"column":76}},"17":{"start":{"line":46,"column":0},"end":{"line":68,"column":2}},"18":{"start":{"line":47,"column":17},"end":{"line":47,"column":27}},"19":{"start":{"line":49,"column":2},"end":{"line":67,"column":3}},"20":{"start":{"line":50,"column":17},"end":{"line":56,"column":6}},"21":{"start":{"line":59,"column":4},"end":{"line":61,"column":5}},"22":{"start":{"line":60,"column":6},"end":{"line":60,"column":73}},"23":{"start":{"line":63,"column":4},"end":{"line":63,"column":19}},"24":{"start":{"line":65,"column":4},"end":{"line":65,"column":62}},"25":{"start":{"line":66,"column":4},"end":{"line":66,"column":74}},"26":{"start":{"line":71,"column":0},"end":{"line":88,"column":2}},"27":{"start":{"line":72,"column":17},"end":{"line":72,"column":27}},"28":{"start":{"line":74,"column":2},"end":{"line":87,"column":3}},"29":{"start":{"line":76,"column":24},"end":{"line":76,"column":65}},"30":{"start":{"line":79,"column":4},"end":{"line":81,"column":5}},"31":{"start":{"line":80,"column":6},"end":{"line":80,"column":73}},"32":{"start":{"line":83,"column":4},"end":{"line":83,"column":48}},"33":{"start":{"line":85,"column":4},"end":{"line":85,"column":62}},"34":{"start":{"line":86,"column":4},"end":{"line":86,"column":74}},"35":{"start":{"line":91,"column":0},"end":{"line":117,"column":2}},"36":{"start":{"line":92,"column":17},"end":{"line":92,"column":27}},"37":{"start":{"line":93,"column":31},"end":{"line":93,"column":39}},"38":{"start":{"line":94,"column":19},"end":{"line":94,"column":34}},"39":{"start":{"line":96,"column":2},"end":{"line":116,"column":3}},"40":{"start":{"line":98,"column":17},"end":{"line":98,"column":44}},"41":{"start":{"line":101,"column":4},"end":{"line":103,"column":5}},"42":{"start":{"line":102,"column":6},"end":{"line":102,"column":73}},"43":{"start":{"line":106,"column":4},"end":{"line":106,"column":48}},"44":{"start":{"line":106,"column":29},"end":{"line":106,"column":48}},"45":{"start":{"line":107,"column":4},"end":{"line":107,"column":55}},"46":{"start":{"line":107,"column":32},"end":{"line":107,"column":55}},"47":{"start":{"line":108,"column":4},"end":{"line":108,"column":60}},"48":{"start":{"line":108,"column":33},"end":{"line":108,"column":60}},"49":{"start":{"line":110,"column":4},"end":{"line":110,"column":22}},"50":{"start":{"line":112,"column":4},"end":{"line":112,"column":19}},"51":{"start":{"line":114,"column":4},"end":{"line":114,"column":68}},"52":{"start":{"line":115,"column":4},"end":{"line":115,"column":80}}},"fnMap":{"0":{"name":"(anonymous_0)","decl":{"start":{"line":5,"column":26},"end":{"line":5,"column":27}},"loc":{"start":{"line":5,"column":46},"end":{"line":19,"column":1}},"line":5},"1":{"name":"(anonymous_1)","decl":{"start":{"line":22,"column":25},"end":{"line":22,"column":26}},"loc":{"start":{"line":22,"column":45},"end":{"line":43,"column":1}},"line":22},"2":{"name":"(anonymous_2)","decl":{"start":{"line":46,"column":26},"end":{"line":46,"column":27}},"loc":{"start":{"line":46,"column":46},"end":{"line":68,"column":1}},"line":46},"3":{"name":"(anonymous_3)","decl":{"start":{"line":71,"column":25},"end":{"line":71,"column":26}},"loc":{"start":{"line":71,"column":45},"end":{"line":88,"column":1}},"line":71},"4":{"name":"(anonymous_4)","decl":{"start":{"line":91,"column":25},"end":{"line":91,"column":26}},"loc":{"start":{"line":91,"column":45},"end":{"line":117,"column":1}},"line":91}},"branchMap":{"0":{"loc":{"start":{"line":27,"column":2},"end":{"line":29,"column":3}},"type":"if","locations":[{"start":{"line":27,"column":2},"end":{"line":29,"column":3}},{"start":{},"end":{}}],"line":27},"1":{"loc":{"start":{"line":36,"column":17},"end":{"line":36,"column":34}},"type":"binary-expr","locations":[{"start":{"line":36,"column":17},"end":{"line":36,"column":26}},{"start":{"line":36,"column":30},"end":{"line":36,"column":34}}],"line":36},"2":{"loc":{"start":{"line":59,"column":4},"end":{"line":61,"column":5}},"type":"if","locations":[{"start":{"line":59,"column":4},"end":{"line":61,"column":5}},{"start":{},"end":{}}],"line":59},"3":{"loc":{"start":{"line":79,"column":4},"end":{"line":81,"column":5}},"type":"if","locations":[{"start":{"line":79,"column":4},"end":{"line":81,"column":5}},{"start":{},"end":{}}],"line":79},"4":{"loc":{"start":{"line":101,"column":4},"end":{"line":103,"column":5}},"type":"if","locations":[{"start":{"line":101,"column":4},"end":{"line":103,"column":5}},{"start":{},"end":{}}],"line":101},"5":{"loc":{"start":{"line":106,"column":4},"end":{"line":106,"column":48}},"type":"if","locations":[{"start":{"line":106,"column":4},"end":{"line":106,"column":48}},{"start":{},"end":{}}],"line":106},"6":{"loc":{"start":{"line":107,"column":4},"end":{"line":107,"column":55}},"type":"if","locations":[{"start":{"line":107,"column":4},"end":{"line":107,"column":55}},{"start":{},"end":{}}],"line":107},"7":{"loc":{"start":{"line":108,"column":4},"end":{"line":108,"column":60}},"type":"if","locations":[{"start":{"line":108,"column":4},"end":{"line":108,"column":60}},{"start":{},"end":{}}],"line":108}},"s":{"0":7,"1":7,"2":0,"3":0,"4":0,"5":0,"6":0,"7":7,"8":0,"9":0,"10":0,"11":0,"12":0,"13":0,"14":0,"15":0,"16":0,"17":7,"18":0,"19":0,"20":0,"21":0,"22":0,"23":0,"24":0,"25":0,"26":7,"27":0,"28":0,"29":0,"30":0,"31":0,"32":0,"33":0,"34":0,"35":7,"36":0,"37":0,"38":0,"39":0,"40":0,"41":0,"42":0,"43":0,"44":0,"45":0,"46":0,"47":0,"48":0,"49":0,"50":0,"51":0,"52":0},"f":{"0":0,"1":0,"2":0,"3":0,"4":0},"b":{"0":[0,0],"1":[0,0],"2":[0,0],"3":[0,0],"4":[0,0],"5":[0,0],"6":[0,0],"7":[0,0]},"_coverageSchema":"1a1c01bbd47fc00a2c39e90264f33305004495a9","hash":"490b5ad2438571a693c8e85ebd709beb54b5420f"}
,"C:\\Users\\sally\\Desktop\\GitHubRep\\IU-Quiz-Academy\\Backend\\controllers\\quizSessionController.js": {"path":"C:\\Users\\sally\\Desktop\\GitHubRep\\IU-Quiz-Academy\\Backend\\controllers\\quizSessionController.js","statementMap":{"0":{"start":{"line":1,"column":40},"end":{"line":1,"column":60}},"1":{"start":{"line":5,"column":0},"end":{"line":18,"column":2}},"2":{"start":{"line":6,"column":2},"end":{"line":17,"column":3}},"3":{"start":{"line":7,"column":21},"end":{"line":12,"column":6}},"4":{"start":{"line":13,"column":4},"end":{"line":13,"column":23}},"5":{"start":{"line":15,"column":4},"end":{"line":15,"column":60}},"6":{"start":{"line":16,"column":4},"end":{"line":16,"column":72}},"7":{"start":{"line":21,"column":0},"end":{"line":43,"column":2}},"8":{"start":{"line":22,"column":33},"end":{"line":22,"column":41}},"9":{"start":{"line":25,"column":2},"end":{"line":27,"column":3}},"10":{"start":{"line":26,"column":4},"end":{"line":26,"column":86}},"11":{"start":{"line":29,"column":2},"end":{"line":42,"column":3}},"12":{"start":{"line":31,"column":20},"end":{"line":36,"column":6}},"13":{"start":{"line":38,"column":4},"end":{"line":38,"column":34}},"14":{"start":{"line":40,"column":4},"end":{"line":40,"column":59}},"15":{"start":{"line":41,"column":4},"end":{"line":41,"column":71}},"16":{"start":{"line":46,"column":0},"end":{"line":68,"column":2}},"17":{"start":{"line":47,"column":17},"end":{"line":47,"column":27}},"18":{"start":{"line":49,"column":2},"end":{"line":67,"column":3}},"19":{"start":{"line":51,"column":20},"end":{"line":56,"column":6}},"20":{"start":{"line":59,"column":4},"end":{"line":61,"column":5}},"21":{"start":{"line":60,"column":6},"end":{"line":60,"column":71}},"22":{"start":{"line":63,"column":4},"end":{"line":63,"column":22}},"23":{"start":{"line":65,"column":4},"end":{"line":65,"column":59}},"24":{"start":{"line":66,"column":4},"end":{"line":66,"column":71}},"25":{"start":{"line":71,"column":0},"end":{"line":92,"column":2}},"26":{"start":{"line":72,"column":17},"end":{"line":72,"column":27}},"27":{"start":{"line":74,"column":2},"end":{"line":91,"column":3}},"28":{"start":{"line":76,"column":20},"end":{"line":76,"column":50}},"29":{"start":{"line":77,"column":4},"end":{"line":79,"column":5}},"30":{"start":{"line":78,"column":6},"end":{"line":78,"column":71}},"31":{"start":{"line":82,"column":4},"end":{"line":82,"column":33}},"32":{"start":{"line":83,"column":4},"end":{"line":83,"column":29}},"33":{"start":{"line":84,"column":4},"end":{"line":84,"column":25}},"34":{"start":{"line":87,"column":4},"end":{"line":87,"column":66}},"35":{"start":{"line":89,"column":4},"end":{"line":89,"column":59}},"36":{"start":{"line":90,"column":4},"end":{"line":90,"column":71}}},"fnMap":{"0":{"name":"(anonymous_0)","decl":{"start":{"line":5,"column":25},"end":{"line":5,"column":26}},"loc":{"start":{"line":5,"column":45},"end":{"line":18,"column":1}},"line":5},"1":{"name":"(anonymous_1)","decl":{"start":{"line":21,"column":23},"end":{"line":21,"column":24}},"loc":{"start":{"line":21,"column":43},"end":{"line":43,"column":1}},"line":21},"2":{"name":"(anonymous_2)","decl":{"start":{"line":46,"column":25},"end":{"line":46,"column":26}},"loc":{"start":{"line":46,"column":45},"end":{"line":68,"column":1}},"line":46},"3":{"name":"(anonymous_3)","decl":{"start":{"line":71,"column":21},"end":{"line":71,"column":22}},"loc":{"start":{"line":71,"column":41},"end":{"line":92,"column":1}},"line":71}},"branchMap":{"0":{"loc":{"start":{"line":25,"column":2},"end":{"line":27,"column":3}},"type":"if","locations":[{"start":{"line":25,"column":2},"end":{"line":27,"column":3}},{"start":{},"end":{}}],"line":25},"1":{"loc":{"start":{"line":25,"column":6},"end":{"line":25,"column":28}},"type":"binary-expr","locations":[{"start":{"line":25,"column":6},"end":{"line":25,"column":13}},{"start":{"line":25,"column":17},"end":{"line":25,"column":28}}],"line":25},"2":{"loc":{"start":{"line":59,"column":4},"end":{"line":61,"column":5}},"type":"if","locations":[{"start":{"line":59,"column":4},"end":{"line":61,"column":5}},{"start":{},"end":{}}],"line":59},"3":{"loc":{"start":{"line":77,"column":4},"end":{"line":79,"column":5}},"type":"if","locations":[{"start":{"line":77,"column":4},"end":{"line":79,"column":5}},{"start":{},"end":{}}],"line":77}},"s":{"0":7,"1":7,"2":0,"3":0,"4":0,"5":0,"6":0,"7":7,"8":0,"9":0,"10":0,"11":0,"12":0,"13":0,"14":0,"15":0,"16":7,"17":0,"18":0,"19":0,"20":0,"21":0,"22":0,"23":0,"24":0,"25":7,"26":0,"27":0,"28":0,"29":0,"30":0,"31":0,"32":0,"33":0,"34":0,"35":0,"36":0},"f":{"0":0,"1":0,"2":0,"3":0},"b":{"0":[0,0],"1":[0,0],"2":[0,0],"3":[0,0]},"_coverageSchema":"1a1c01bbd47fc00a2c39e90264f33305004495a9","hash":"baa89da36ce8804c1536c59c581771072dbf5591"}
,"C:\\Users\\sally\\Desktop\\GitHubRep\\IU-Quiz-Academy\\Backend\\controllers\\reasonController.js": {"path":"C:\\Users\\sally\\Desktop\\GitHubRep\\IU-Quiz-Academy\\Backend\\controllers\\reasonController.js","statementMap":{"0":{"start":{"line":1,"column":19},"end":{"line":1,"column":39}},"1":{"start":{"line":4,"column":0},"end":{"line":26,"column":2}},"2":{"start":{"line":5,"column":50},"end":{"line":5,"column":58}},"3":{"start":{"line":8,"column":2},"end":{"line":10,"column":3}},"4":{"start":{"line":9,"column":4},"end":{"line":9,"column":104}},"5":{"start":{"line":12,"column":2},"end":{"line":25,"column":3}},"6":{"start":{"line":14,"column":19},"end":{"line":18,"column":6}},"7":{"start":{"line":21,"column":4},"end":{"line":21,"column":33}},"8":{"start":{"line":23,"column":4},"end":{"line":23,"column":64}},"9":{"start":{"line":24,"column":4},"end":{"line":24,"column":76}},"10":{"start":{"line":29,"column":0},"end":{"line":44,"column":2}},"11":{"start":{"line":30,"column":25},"end":{"line":30,"column":35}},"12":{"start":{"line":32,"column":2},"end":{"line":43,"column":3}},"13":{"start":{"line":34,"column":20},"end":{"line":37,"column":6}},"14":{"start":{"line":39,"column":4},"end":{"line":39,"column":22}},"15":{"start":{"line":41,"column":4},"end":{"line":41,"column":64}},"16":{"start":{"line":42,"column":4},"end":{"line":42,"column":76}},"17":{"start":{"line":47,"column":0},"end":{"line":64,"column":2}},"18":{"start":{"line":48,"column":17},"end":{"line":48,"column":27}},"19":{"start":{"line":50,"column":2},"end":{"line":63,"column":3}},"20":{"start":{"line":52,"column":20},"end":{"line":52,"column":59}},"21":{"start":{"line":55,"column":4},"end":{"line":57,"column":5}},"22":{"start":{"line":56,"column":6},"end":{"line":56,"column":74}},"23":{"start":{"line":59,"column":4},"end":{"line":59,"column":49}},"24":{"start":{"line":61,"column":4},"end":{"line":61,"column":62}},"25":{"start":{"line":62,"column":4},"end":{"line":62,"column":74}}},"fnMap":{"0":{"name":"(anonymous_0)","decl":{"start":{"line":4,"column":23},"end":{"line":4,"column":24}},"loc":{"start":{"line":4,"column":43},"end":{"line":26,"column":1}},"line":4},"1":{"name":"(anonymous_1)","decl":{"start":{"line":29,"column":31},"end":{"line":29,"column":32}},"loc":{"start":{"line":29,"column":51},"end":{"line":44,"column":1}},"line":29},"2":{"name":"(anonymous_2)","decl":{"start":{"line":47,"column":23},"end":{"line":47,"column":24}},"loc":{"start":{"line":47,"column":43},"end":{"line":64,"column":1}},"line":47}},"branchMap":{"0":{"loc":{"start":{"line":8,"column":2},"end":{"line":10,"column":3}},"type":"if","locations":[{"start":{"line":8,"column":2},"end":{"line":10,"column":3}},{"start":{},"end":{}}],"line":8},"1":{"loc":{"start":{"line":8,"column":6},"end":{"line":8,"column":61}},"type":"binary-expr","locations":[{"start":{"line":8,"column":6},"end":{"line":8,"column":17}},{"start":{"line":8,"column":21},"end":{"line":8,"column":32}},{"start":{"line":8,"column":36},"end":{"line":8,"column":61}}],"line":8},"2":{"loc":{"start":{"line":55,"column":4},"end":{"line":57,"column":5}},"type":"if","locations":[{"start":{"line":55,"column":4},"end":{"line":57,"column":5}},{"start":{},"end":{}}],"line":55}},"s":{"0":7,"1":7,"2":0,"3":0,"4":0,"5":0,"6":0,"7":0,"8":0,"9":0,"10":7,"11":0,"12":0,"13":0,"14":0,"15":0,"16":0,"17":7,"18":0,"19":0,"20":0,"21":0,"22":0,"23":0,"24":0,"25":0},"f":{"0":0,"1":0,"2":0},"b":{"0":[0,0],"1":[0,0,0],"2":[0,0]},"_coverageSchema":"1a1c01bbd47fc00a2c39e90264f33305004495a9","hash":"654223665b282c24a092c614ddf9afd3caecffc0"}
,"C:\\Users\\sally\\Desktop\\GitHubRep\\IU-Quiz-Academy\\Backend\\controllers\\userController.js": {"path":"C:\\Users\\sally\\Desktop\\GitHubRep\\IU-Quiz-Academy\\Backend\\controllers\\userController.js","statementMap":{"0":{"start":{"line":1,"column":17},"end":{"line":1,"column":37}},"1":{"start":{"line":3,"column":15},"end":{"line":3,"column":32}},"2":{"start":{"line":4,"column":12},"end":{"line":4,"column":35}},"3":{"start":{"line":7,"column":0},"end":{"line":16,"column":2}},"4":{"start":{"line":8,"column":2},"end":{"line":15,"column":3}},"5":{"start":{"line":9,"column":18},"end":{"line":11,"column":6}},"6":{"start":{"line":12,"column":4},"end":{"line":12,"column":20}},"7":{"start":{"line":14,"column":4},"end":{"line":14,"column":76}},"8":{"start":{"line":19,"column":0},"end":{"line":42,"column":2}},"9":{"start":{"line":20,"column":48},"end":{"line":20,"column":56}},"10":{"start":{"line":23,"column":2},"end":{"line":25,"column":3}},"11":{"start":{"line":24,"column":4},"end":{"line":24,"column":85}},"12":{"start":{"line":27,"column":2},"end":{"line":41,"column":3}},"13":{"start":{"line":29,"column":25},"end":{"line":29,"column":56}},"14":{"start":{"line":31,"column":20},"end":{"line":31,"column":72}},"15":{"start":{"line":34,"column":4},"end":{"line":38,"column":7}},"16":{"start":{"line":40,"column":4},"end":{"line":40,"column":73}},"17":{"start":{"line":45,"column":0},"end":{"line":88,"column":2}},"18":{"start":{"line":46,"column":33},"end":{"line":46,"column":41}},"19":{"start":{"line":49,"column":2},"end":{"line":51,"column":3}},"20":{"start":{"line":50,"column":4},"end":{"line":50,"column":85}},"21":{"start":{"line":53,"column":2},"end":{"line":87,"column":3}},"22":{"start":{"line":55,"column":17},"end":{"line":55,"column":60}},"23":{"start":{"line":58,"column":4},"end":{"line":60,"column":5}},"24":{"start":{"line":59,"column":6},"end":{"line":59,"column":71}},"25":{"start":{"line":63,"column":20},"end":{"line":63,"column":69}},"26":{"start":{"line":64,"column":4},"end":{"line":66,"column":5}},"27":{"start":{"line":65,"column":6},"end":{"line":65,"column":71}},"28":{"start":{"line":69,"column":18},"end":{"line":73,"column":5}},"29":{"start":{"line":76,"column":4},"end":{"line":84,"column":7}},"30":{"start":{"line":86,"column":4},"end":{"line":86,"column":57}},"31":{"start":{"line":91,"column":0},"end":{"line":109,"column":2}},"32":{"start":{"line":92,"column":17},"end":{"line":92,"column":44}},"33":{"start":{"line":94,"column":2},"end":{"line":108,"column":3}},"34":{"start":{"line":96,"column":17},"end":{"line":96,"column":44}},"35":{"start":{"line":99,"column":4},"end":{"line":101,"column":5}},"36":{"start":{"line":100,"column":6},"end":{"line":100,"column":70}},"37":{"start":{"line":104,"column":4},"end":{"line":104,"column":25}},"38":{"start":{"line":105,"column":4},"end":{"line":105,"column":57}},"39":{"start":{"line":107,"column":4},"end":{"line":107,"column":71}}},"fnMap":{"0":{"name":"(anonymous_0)","decl":{"start":{"line":7,"column":22},"end":{"line":7,"column":23}},"loc":{"start":{"line":7,"column":42},"end":{"line":16,"column":1}},"line":7},"1":{"name":"(anonymous_1)","decl":{"start":{"line":19,"column":21},"end":{"line":19,"column":22}},"loc":{"start":{"line":19,"column":41},"end":{"line":42,"column":1}},"line":19},"2":{"name":"(anonymous_2)","decl":{"start":{"line":45,"column":20},"end":{"line":45,"column":21}},"loc":{"start":{"line":45,"column":40},"end":{"line":88,"column":1}},"line":45},"3":{"name":"(anonymous_3)","decl":{"start":{"line":91,"column":21},"end":{"line":91,"column":22}},"loc":{"start":{"line":91,"column":41},"end":{"line":109,"column":1}},"line":91}},"branchMap":{"0":{"loc":{"start":{"line":20,"column":30},"end":{"line":20,"column":43}},"type":"default-arg","locations":[{"start":{"line":20,"column":38},"end":{"line":20,"column":43}}],"line":20},"1":{"loc":{"start":{"line":23,"column":2},"end":{"line":25,"column":3}},"type":"if","locations":[{"start":{"line":23,"column":2},"end":{"line":25,"column":3}},{"start":{},"end":{}}],"line":23},"2":{"loc":{"start":{"line":23,"column":6},"end":{"line":23,"column":28}},"type":"binary-expr","locations":[{"start":{"line":23,"column":6},"end":{"line":23,"column":15}},{"start":{"line":23,"column":19},"end":{"line":23,"column":28}}],"line":23},"3":{"loc":{"start":{"line":49,"column":2},"end":{"line":51,"column":3}},"type":"if","locations":[{"start":{"line":49,"column":2},"end":{"line":51,"column":3}},{"start":{},"end":{}}],"line":49},"4":{"loc":{"start":{"line":49,"column":6},"end":{"line":49,"column":28}},"type":"binary-expr","locations":[{"start":{"line":49,"column":6},"end":{"line":49,"column":15}},{"start":{"line":49,"column":19},"end":{"line":49,"column":28}}],"line":49},"5":{"loc":{"start":{"line":58,"column":4},"end":{"line":60,"column":5}},"type":"if","locations":[{"start":{"line":58,"column":4},"end":{"line":60,"column":5}},{"start":{},"end":{}}],"line":58},"6":{"loc":{"start":{"line":64,"column":4},"end":{"line":66,"column":5}},"type":"if","locations":[{"start":{"line":64,"column":4},"end":{"line":66,"column":5}},{"start":{},"end":{}}],"line":64},"7":{"loc":{"start":{"line":99,"column":4},"end":{"line":101,"column":5}},"type":"if","locations":[{"start":{"line":99,"column":4},"end":{"line":101,"column":5}},{"start":{},"end":{}}],"line":99}},"s":{"0":7,"1":7,"2":7,"3":7,"4":0,"5":0,"6":0,"7":0,"8":7,"9":0,"10":0,"11":0,"12":0,"13":0,"14":0,"15":0,"16":0,"17":7,"18":0,"19":0,"20":0,"21":0,"22":0,"23":0,"24":0,"25":0,"26":0,"27":0,"28":0,"29":0,"30":0,"31":7,"32":0,"33":0,"34":0,"35":0,"36":0,"37":0,"38":0,"39":0},"f":{"0":0,"1":0,"2":0,"3":0},"b":{"0":[0],"1":[0,0],"2":[0,0],"3":[0,0],"4":[0,0],"5":[0,0],"6":[0,0],"7":[0,0]},"_coverageSchema":"1a1c01bbd47fc00a2c39e90264f33305004495a9","hash":"e7bd66821994fd7c6acdd3afc61e5e6304ee819b"}
,"C:\\Users\\sally\\Desktop\\GitHubRep\\IU-Quiz-Academy\\Backend\\middlewares\\authenticateToken.js": {"path":"C:\\Users\\sally\\Desktop\\GitHubRep\\IU-Quiz-Academy\\Backend\\middlewares\\authenticateToken.js","statementMap":{"0":{"start":{"line":1,"column":12},"end":{"line":1,"column":35}},"1":{"start":{"line":2,"column":17},"end":{"line":2,"column":37}},"2":{"start":{"line":4,"column":0},"end":{"line":21,"column":2}},"3":{"start":{"line":5,"column":19},"end":{"line":5,"column":47}},"4":{"start":{"line":6,"column":14},"end":{"line":6,"column":52}},"5":{"start":{"line":9,"column":0},"end":{"line":9,"column":39}},"6":{"start":{"line":9,"column":12},"end":{"line":9,"column":39}},"7":{"start":{"line":11,"column":0},"end":{"line":20,"column":1}},"8":{"start":{"line":12,"column":18},"end":{"line":12,"column":59}},"9":{"start":{"line":13,"column":15},"end":{"line":13,"column":46}},"10":{"start":{"line":14,"column":2},"end":{"line":14,"column":40}},"11":{"start":{"line":14,"column":13},"end":{"line":14,"column":40}},"12":{"start":{"line":16,"column":2},"end":{"line":16,"column":18}},"13":{"start":{"line":17,"column":2},"end":{"line":17,"column":9}},"14":{"start":{"line":19,"column":2},"end":{"line":19,"column":61}}},"fnMap":{"0":{"name":"(anonymous_0)","decl":{"start":{"line":4,"column":17},"end":{"line":4,"column":18}},"loc":{"start":{"line":4,"column":43},"end":{"line":21,"column":1}},"line":4}},"branchMap":{"0":{"loc":{"start":{"line":6,"column":14},"end":{"line":6,"column":52}},"type":"binary-expr","locations":[{"start":{"line":6,"column":14},"end":{"line":6,"column":24}},{"start":{"line":6,"column":28},"end":{"line":6,"column":52}}],"line":6},"1":{"loc":{"start":{"line":9,"column":0},"end":{"line":9,"column":39}},"type":"if","locations":[{"start":{"line":9,"column":0},"end":{"line":9,"column":39}},{"start":{},"end":{}}],"line":9},"2":{"loc":{"start":{"line":14,"column":2},"end":{"line":14,"column":40}},"type":"if","locations":[{"start":{"line":14,"column":2},"end":{"line":14,"column":40}},{"start":{},"end":{}}],"line":14}},"s":{"0":7,"1":7,"2":7,"3":0,"4":0,"5":0,"6":0,"7":0,"8":0,"9":0,"10":0,"11":0,"12":0,"13":0,"14":0},"f":{"0":0},"b":{"0":[0,0],"1":[0,0],"2":[0,0]},"_coverageSchema":"1a1c01bbd47fc00a2c39e90264f33305004495a9","hash":"8dd7b5bd0b83748ad5eeec9ef9fee080c762973d"}
,"C:\\Users\\sally\\Desktop\\GitHubRep\\IU-Quiz-Academy\\Backend\\middlewares\\errorHandler.js": {"path":"C:\\Users\\sally\\Desktop\\GitHubRep\\IU-Quiz-Academy\\Backend\\middlewares\\errorHandler.js","statementMap":{"0":{"start":{"line":1,"column":0},"end":{"line":4,"column":2}},"1":{"start":{"line":2,"column":0},"end":{"line":2,"column":25}},"2":{"start":{"line":3,"column":0},"end":{"line":3,"column":77}}},"fnMap":{"0":{"name":"(anonymous_0)","decl":{"start":{"line":1,"column":17},"end":{"line":1,"column":18}},"loc":{"start":{"line":1,"column":42},"end":{"line":4,"column":1}},"line":1}},"branchMap":{"0":{"loc":{"start":{"line":3,"column":11},"end":{"line":3,"column":28}},"type":"binary-expr","locations":[{"start":{"line":3,"column":11},"end":{"line":3,"column":21}},{"start":{"line":3,"column":25},"end":{"line":3,"column":28}}],"line":3},"1":{"loc":{"start":{"line":3,"column":44},"end":{"line":3,"column":73}},"type":"binary-expr","locations":[{"start":{"line":3,"column":44},"end":{"line":3,"column":55}},{"start":{"line":3,"column":59},"end":{"line":3,"column":73}}],"line":3}},"s":{"0":7,"1":0,"2":0},"f":{"0":0},"b":{"0":[0,0],"1":[0,0]},"_coverageSchema":"1a1c01bbd47fc00a2c39e90264f33305004495a9","hash":"62330a8c21dcd52a8b0e841b8658a24848e62ac2"}
,"C:\\Users\\sally\\Desktop\\GitHubRep\\IU-Quiz-Academy\\Backend\\middlewares\\requestLogger.js": {"path":"C:\\Users\\sally\\Desktop\\GitHubRep\\IU-Quiz-Academy\\Backend\\middlewares\\requestLogger.js","statementMap":{"0":{"start":{"line":1,"column":14},"end":{"line":1,"column":30}},"1":{"start":{"line":3,"column":22},"end":{"line":12,"column":1}},"2":{"start":{"line":4,"column":18},"end":{"line":4,"column":42}},"3":{"start":{"line":5,"column":15},"end":{"line":5,"column":38}},"4":{"start":{"line":6,"column":13},"end":{"line":6,"column":40}},"5":{"start":{"line":7,"column":13},"end":{"line":7,"column":69}},"6":{"start":{"line":9,"column":0},"end":{"line":9,"column":58}},"7":{"start":{"line":11,"column":0},"end":{"line":11,"column":7}},"8":{"start":{"line":14,"column":0},"end":{"line":14,"column":31}}},"fnMap":{"0":{"name":"(anonymous_0)","decl":{"start":{"line":3,"column":22},"end":{"line":3,"column":23}},"loc":{"start":{"line":3,"column":42},"end":{"line":12,"column":1}},"line":3}},"branchMap":{"0":{"loc":{"start":{"line":7,"column":13},"end":{"line":7,"column":69}},"type":"cond-expr","locations":[{"start":{"line":7,"column":24},"end":{"line":7,"column":49}},{"start":{"line":7,"column":52},"end":{"line":7,"column":69}}],"line":7}},"s":{"0":7,"1":7,"2":4,"3":4,"4":4,"5":4,"6":4,"7":4,"8":7},"f":{"0":4},"b":{"0":[0,4]},"_coverageSchema":"1a1c01bbd47fc00a2c39e90264f33305004495a9","hash":"12069392246c6b88a5d3e816f0a13af3a0cef516"}
,"C:\\Users\\sally\\Desktop\\GitHubRep\\IU-Quiz-Academy\\Backend\\middlewares\\requireAdmin.js": {"path":"C:\\Users\\sally\\Desktop\\GitHubRep\\IU-Quiz-Academy\\Backend\\middlewares\\requireAdmin.js","statementMap":{"0":{"start":{"line":1,"column":0},"end":{"line":6,"column":2}},"1":{"start":{"line":2,"column":0},"end":{"line":4,"column":1}},"2":{"start":{"line":3,"column":2},"end":{"line":3,"column":70}},"3":{"start":{"line":5,"column":0},"end":{"line":5,"column":7}}},"fnMap":{"0":{"name":"(anonymous_0)","decl":{"start":{"line":1,"column":17},"end":{"line":1,"column":18}},"loc":{"start":{"line":1,"column":37},"end":{"line":6,"column":1}},"line":1}},"branchMap":{"0":{"loc":{"start":{"line":2,"column":0},"end":{"line":4,"column":1}},"type":"if","locations":[{"start":{"line":2,"column":0},"end":{"line":4,"column":1}},{"start":{},"end":{}}],"line":2},"1":{"loc":{"start":{"line":2,"column":4},"end":{"line":2,"column":32}},"type":"binary-expr","locations":[{"start":{"line":2,"column":4},"end":{"line":2,"column":13}},{"start":{"line":2,"column":17},"end":{"line":2,"column":32}}],"line":2}},"s":{"0":7,"1":0,"2":0,"3":0},"f":{"0":0},"b":{"0":[0,0],"1":[0,0]},"_coverageSchema":"1a1c01bbd47fc00a2c39e90264f33305004495a9","hash":"46157f6ec9f5c8340b65da0c087f59b1c3fd090e"}
,"C:\\Users\\sally\\Desktop\\GitHubRep\\IU-Quiz-Academy\\Backend\\models\\AnswerInSession.js": {"path":"C:\\Users\\sally\\Desktop\\GitHubRep\\IU-Quiz-Academy\\Backend\\models\\AnswerInSession.js","statementMap":{"0":{"start":{"line":1,"column":22},"end":{"line":1,"column":42}},"1":{"start":{"line":2,"column":22},"end":{"line":2,"column":51}},"2":{"start":{"line":4,"column":24},"end":{"line":46,"column":2}},"3":{"start":{"line":49,"column":0},"end":{"line":49,"column":33}}},"fnMap":{},"branchMap":{},"s":{"0":7,"1":7,"2":7,"3":7},"f":{},"b":{},"_coverageSchema":"1a1c01bbd47fc00a2c39e90264f33305004495a9","hash":"3d1f19abd652d1ba34d10431853fdefa56848153"}
,"C:\\Users\\sally\\Desktop\\GitHubRep\\IU-Quiz-Academy\\Backend\\models\\AnswerOption.js": {"path":"C:\\Users\\sally\\Desktop\\GitHubRep\\IU-Quiz-Academy\\Backend\\models\\AnswerOption.js","statementMap":{"0":{"start":{"line":1,"column":22},"end":{"line":1,"column":42}},"1":{"start":{"line":2,"column":22},"end":{"line":2,"column":51}},"2":{"start":{"line":4,"column":21},"end":{"line":32,"column":2}},"3":{"start":{"line":34,"column":0},"end":{"line":34,"column":30}}},"fnMap":{},"branchMap":{},"s":{"0":7,"1":7,"2":7,"3":7},"f":{},"b":{},"_coverageSchema":"1a1c01bbd47fc00a2c39e90264f33305004495a9","hash":"392468083ccb7d0b4cf77bd3624f0dd0e247cf47"}
,"C:\\Users\\sally\\Desktop\\GitHubRep\\IU-Quiz-Academy\\Backend\\models\\ForumPost.js": {"path":"C:\\Users\\sally\\Desktop\\GitHubRep\\IU-Quiz-Academy\\Backend\\models\\ForumPost.js","statementMap":{"0":{"start":{"line":1,"column":22},"end":{"line":1,"column":42}},"1":{"start":{"line":2,"column":22},"end":{"line":2,"column":51}},"2":{"start":{"line":4,"column":18},"end":{"line":21,"column":2}},"3":{"start":{"line":23,"column":0},"end":{"line":23,"column":27}}},"fnMap":{},"branchMap":{},"s":{"0":7,"1":7,"2":7,"3":7},"f":{},"b":{},"_coverageSchema":"1a1c01bbd47fc00a2c39e90264f33305004495a9","hash":"ce75e0c5055912c2f6c3558345f6c6ca011d4181"}
,"C:\\Users\\sally\\Desktop\\GitHubRep\\IU-Quiz-Academy\\Backend\\models\\ForumThreads.js": {"path":"C:\\Users\\sally\\Desktop\\GitHubRep\\IU-Quiz-Academy\\Backend\\models\\ForumThreads.js","statementMap":{"0":{"start":{"line":1,"column":22},"end":{"line":1,"column":42}},"1":{"start":{"line":2,"column":22},"end":{"line":2,"column":51}},"2":{"start":{"line":4,"column":20},"end":{"line":21,"column":2}},"3":{"start":{"line":23,"column":0},"end":{"line":23,"column":29}}},"fnMap":{},"branchMap":{},"s":{"0":7,"1":7,"2":7,"3":7},"f":{},"b":{},"_coverageSchema":"1a1c01bbd47fc00a2c39e90264f33305004495a9","hash":"bf53f6a8fbbf2cb2b74a61603681d6720804dafb"}
,"C:\\Users\\sally\\Desktop\\GitHubRep\\IU-Quiz-Academy\\Backend\\models\\Question.js": {"path":"C:\\Users\\sally\\Desktop\\GitHubRep\\IU-Quiz-Academy\\Backend\\models\\Question.js","statementMap":{"0":{"start":{"line":1,"column":22},"end":{"line":1,"column":42}},"1":{"start":{"line":2,"column":22},"end":{"line":2,"column":51}},"2":{"start":{"line":4,"column":17},"end":{"line":34,"column":2}},"3":{"start":{"line":36,"column":0},"end":{"line":36,"column":26}}},"fnMap":{},"branchMap":{},"s":{"0":7,"1":7,"2":7,"3":7},"f":{},"b":{},"_coverageSchema":"1a1c01bbd47fc00a2c39e90264f33305004495a9","hash":"d75353b232859fdca45edde97cf734a51008366e"}
,"C:\\Users\\sally\\Desktop\\GitHubRep\\IU-Quiz-Academy\\Backend\\models\\QuizRoom.js": {"path":"C:\\Users\\sally\\Desktop\\GitHubRep\\IU-Quiz-Academy\\Backend\\models\\QuizRoom.js","statementMap":{"0":{"start":{"line":1,"column":22},"end":{"line":1,"column":42}},"1":{"start":{"line":2,"column":22},"end":{"line":2,"column":51}},"2":{"start":{"line":4,"column":17},"end":{"line":32,"column":2}},"3":{"start":{"line":34,"column":0},"end":{"line":34,"column":26}}},"fnMap":{},"branchMap":{},"s":{"0":7,"1":7,"2":7,"3":7},"f":{},"b":{},"_coverageSchema":"1a1c01bbd47fc00a2c39e90264f33305004495a9","hash":"07e6d72c39eb1fb8be13c6f51c98bf596ff8744f"}
,"C:\\Users\\sally\\Desktop\\GitHubRep\\IU-Quiz-Academy\\Backend\\models\\QuizSession.js": {"path":"C:\\Users\\sally\\Desktop\\GitHubRep\\IU-Quiz-Academy\\Backend\\models\\QuizSession.js","statementMap":{"0":{"start":{"line":1,"column":22},"end":{"line":1,"column":42}},"1":{"start":{"line":2,"column":22},"end":{"line":2,"column":51}},"2":{"start":{"line":4,"column":20},"end":{"line":49,"column":2}},"3":{"start":{"line":52,"column":0},"end":{"line":52,"column":29}}},"fnMap":{},"branchMap":{},"s":{"0":7,"1":7,"2":7,"3":7},"f":{},"b":{},"_coverageSchema":"1a1c01bbd47fc00a2c39e90264f33305004495a9","hash":"ca2548c4ac3001470401bad9c67a853ef1d686f5"}
,"C:\\Users\\sally\\Desktop\\GitHubRep\\IU-Quiz-Academy\\Backend\\models\\Reason.js": {"path":"C:\\Users\\sally\\Desktop\\GitHubRep\\IU-Quiz-Academy\\Backend\\models\\Reason.js","statementMap":{"0":{"start":{"line":1,"column":22},"end":{"line":1,"column":42}},"1":{"start":{"line":2,"column":22},"end":{"line":2,"column":51}},"2":{"start":{"line":4,"column":15},"end":{"line":33,"column":2}},"3":{"start":{"line":35,"column":0},"end":{"line":35,"column":24}}},"fnMap":{},"branchMap":{},"s":{"0":7,"1":7,"2":7,"3":7},"f":{},"b":{},"_coverageSchema":"1a1c01bbd47fc00a2c39e90264f33305004495a9","hash":"98f9f8707b7ded7e84baea66aca856cc94a06f53"}
,"C:\\Users\\sally\\Desktop\\GitHubRep\\IU-Quiz-Academy\\Backend\\models\\User.js": {"path":"C:\\Users\\sally\\Desktop\\GitHubRep\\IU-Quiz-Academy\\Backend\\models\\User.js","statementMap":{"0":{"start":{"line":1,"column":22},"end":{"line":1,"column":42}},"1":{"start":{"line":2,"column":22},"end":{"line":2,"column":51}},"2":{"start":{"line":4,"column":13},"end":{"line":33,"column":2}},"3":{"start":{"line":35,"column":0},"end":{"line":35,"column":22}}},"fnMap":{},"branchMap":{},"s":{"0":7,"1":7,"2":7,"3":7},"f":{},"b":{},"_coverageSchema":"1a1c01bbd47fc00a2c39e90264f33305004495a9","hash":"fbc027a061bc455068fa6d06397bb3cb6ec078bb"}
,"C:\\Users\\sally\\Desktop\\GitHubRep\\IU-Quiz-Academy\\Backend\\models\\index.js": {"path":"C:\\Users\\sally\\Desktop\\GitHubRep\\IU-Quiz-Academy\\Backend\\models\\index.js","statementMap":{"0":{"start":{"line":2,"column":22},"end":{"line":2,"column":51}},"1":{"start":{"line":5,"column":13},"end":{"line":5,"column":30}},"2":{"start":{"line":6,"column":17},"end":{"line":6,"column":38}},"3":{"start":{"line":7,"column":21},"end":{"line":7,"column":46}},"4":{"start":{"line":8,"column":24},"end":{"line":8,"column":52}},"5":{"start":{"line":9,"column":17},"end":{"line":9,"column":38}},"6":{"start":{"line":10,"column":20},"end":{"line":10,"column":44}},"7":{"start":{"line":11,"column":15},"end":{"line":11,"column":34}},"8":{"start":{"line":12,"column":20},"end":{"line":12,"column":45}},"9":{"start":{"line":13,"column":18},"end":{"line":13,"column":40}},"10":{"start":{"line":17,"column":0},"end":{"line":17,"column":91}},"11":{"start":{"line":18,"column":0},"end":{"line":18,"column":69}},"12":{"start":{"line":21,"column":0},"end":{"line":21,"column":80}},"13":{"start":{"line":22,"column":0},"end":{"line":22,"column":74}},"14":{"start":{"line":25,"column":0},"end":{"line":25,"column":88}},"15":{"start":{"line":26,"column":0},"end":{"line":26,"column":72}},"16":{"start":{"line":29,"column":0},"end":{"line":29,"column":100}},"17":{"start":{"line":30,"column":0},"end":{"line":30,"column":80}},"18":{"start":{"line":33,"column":0},"end":{"line":33,"column":112}},"19":{"start":{"line":34,"column":0},"end":{"line":34,"column":94}},"20":{"start":{"line":37,"column":0},"end":{"line":37,"column":103}},"21":{"start":{"line":38,"column":0},"end":{"line":38,"column":88}},"22":{"start":{"line":41,"column":0},"end":{"line":41,"column":100}},"23":{"start":{"line":42,"column":0},"end":{"line":42,"column":82}},"24":{"start":{"line":45,"column":0},"end":{"line":45,"column":94}},"25":{"start":{"line":46,"column":0},"end":{"line":46,"column":70}},"26":{"start":{"line":49,"column":0},"end":{"line":49,"column":91}},"27":{"start":{"line":50,"column":0},"end":{"line":50,"column":73}},"28":{"start":{"line":53,"column":0},"end":{"line":53,"column":101}},"29":{"start":{"line":54,"column":0},"end":{"line":54,"column":82}},"30":{"start":{"line":57,"column":0},"end":{"line":57,"column":97}},"31":{"start":{"line":58,"column":0},"end":{"line":58,"column":73}},"32":{"start":{"line":61,"column":0},"end":{"line":61,"column":89}},"33":{"start":{"line":62,"column":0},"end":{"line":62,"column":69}},"34":{"start":{"line":66,"column":0},"end":{"line":77,"column":2}}},"fnMap":{},"branchMap":{},"s":{"0":7,"1":7,"2":7,"3":7,"4":7,"5":7,"6":7,"7":7,"8":7,"9":7,"10":7,"11":7,"12":7,"13":7,"14":7,"15":7,"16":7,"17":7,"18":7,"19":7,"20":7,"21":7,"22":7,"23":7,"24":7,"25":7,"26":7,"27":7,"28":7,"29":7,"30":7,"31":7,"32":7,"33":7,"34":7},"f":{},"b":{},"_coverageSchema":"1a1c01bbd47fc00a2c39e90264f33305004495a9","hash":"1a5ab7a76baf1a0a1675321fc127186107b54dea"}
,"C:\\Users\\sally\\Desktop\\GitHubRep\\IU-Quiz-Academy\\Backend\\routes\\answerInSessionRoutes.js": {"path":"C:\\Users\\sally\\Desktop\\GitHubRep\\IU-Quiz-Academy\\Backend\\routes\\answerInSessionRoutes.js","statementMap":{"0":{"start":{"line":1,"column":16},"end":{"line":1,"column":34}},"1":{"start":{"line":2,"column":15},"end":{"line":2,"column":31}},"2":{"start":{"line":3,"column":34},"end":{"line":3,"column":85}},"3":{"start":{"line":6,"column":0},"end":{"line":6,"column":81}},"4":{"start":{"line":9,"column":0},"end":{"line":9,"column":57}},"5":{"start":{"line":12,"column":0},"end":{"line":12,"column":62}},"6":{"start":{"line":14,"column":0},"end":{"line":14,"column":24}}},"fnMap":{},"branchMap":{},"s":{"0":7,"1":7,"2":7,"3":7,"4":7,"5":7,"6":7},"f":{},"b":{},"_coverageSchema":"1a1c01bbd47fc00a2c39e90264f33305004495a9","hash":"3271c4de19a4a2710ed8da0f1562476b501465a3"}
,"C:\\Users\\sally\\Desktop\\GitHubRep\\IU-Quiz-Academy\\Backend\\routes\\answerOptionRoutes.js": {"path":"C:\\Users\\sally\\Desktop\\GitHubRep\\IU-Quiz-Academy\\Backend\\routes\\answerOptionRoutes.js","statementMap":{"0":{"start":{"line":1,"column":16},"end":{"line":1,"column":34}},"1":{"start":{"line":2,"column":15},"end":{"line":2,"column":31}},"2":{"start":{"line":3,"column":31},"end":{"line":3,"column":79}},"3":{"start":{"line":6,"column":0},"end":{"line":6,"column":60}},"4":{"start":{"line":9,"column":0},"end":{"line":9,"column":81}},"5":{"start":{"line":12,"column":0},"end":{"line":12,"column":65}},"6":{"start":{"line":14,"column":0},"end":{"line":14,"column":24}}},"fnMap":{},"branchMap":{},"s":{"0":7,"1":7,"2":7,"3":7,"4":7,"5":7,"6":7},"f":{},"b":{},"_coverageSchema":"1a1c01bbd47fc00a2c39e90264f33305004495a9","hash":"e8ad3d39f50f5bd4b6cb2dbfd93029383a18e905"}
,"C:\\Users\\sally\\Desktop\\GitHubRep\\IU-Quiz-Academy\\Backend\\routes\\forumPostRoutes.js": {"path":"C:\\Users\\sally\\Desktop\\GitHubRep\\IU-Quiz-Academy\\Backend\\routes\\forumPostRoutes.js","statementMap":{"0":{"start":{"line":1,"column":16},"end":{"line":1,"column":34}},"1":{"start":{"line":2,"column":15},"end":{"line":2,"column":31}},"2":{"start":{"line":3,"column":28},"end":{"line":3,"column":73}},"3":{"start":{"line":6,"column":0},"end":{"line":6,"column":63}},"4":{"start":{"line":9,"column":0},"end":{"line":9,"column":49}},"5":{"start":{"line":11,"column":0},"end":{"line":11,"column":24}}},"fnMap":{},"branchMap":{},"s":{"0":7,"1":7,"2":7,"3":7,"4":7,"5":7},"f":{},"b":{},"_coverageSchema":"1a1c01bbd47fc00a2c39e90264f33305004495a9","hash":"2d9b49f7105e2bff9e81a43b54c6444c5379be56"}
,"C:\\Users\\sally\\Desktop\\GitHubRep\\IU-Quiz-Academy\\Backend\\routes\\forumThreadsRoutes.js": {"path":"C:\\Users\\sally\\Desktop\\GitHubRep\\IU-Quiz-Academy\\Backend\\routes\\forumThreadsRoutes.js","statementMap":{"0":{"start":{"line":1,"column":16},"end":{"line":1,"column":34}},"1":{"start":{"line":2,"column":15},"end":{"line":2,"column":31}},"2":{"start":{"line":3,"column":31},"end":{"line":3,"column":79}},"3":{"start":{"line":5,"column":0},"end":{"line":5,"column":54}},"4":{"start":{"line":6,"column":0},"end":{"line":6,"column":57}},"5":{"start":{"line":7,"column":0},"end":{"line":7,"column":54}},"6":{"start":{"line":9,"column":0},"end":{"line":9,"column":24}}},"fnMap":{},"branchMap":{},"s":{"0":7,"1":7,"2":7,"3":7,"4":7,"5":7,"6":7},"f":{},"b":{},"_coverageSchema":"1a1c01bbd47fc00a2c39e90264f33305004495a9","hash":"2955c9027b96a7a05073287c11cd0c4bbc3de0af"}
,"C:\\Users\\sally\\Desktop\\GitHubRep\\IU-Quiz-Academy\\Backend\\routes\\index.js": {"path":"C:\\Users\\sally\\Desktop\\GitHubRep\\IU-Quiz-Academy\\Backend\\routes\\index.js","statementMap":{"0":{"start":{"line":2,"column":19},"end":{"line":2,"column":42}},"1":{"start":{"line":3,"column":26},"end":{"line":3,"column":56}},"2":{"start":{"line":4,"column":23},"end":{"line":4,"column":50}},"3":{"start":{"line":5,"column":23},"end":{"line":5,"column":50}},"4":{"start":{"line":6,"column":27},"end":{"line":6,"column":58}},"5":{"start":{"line":7,"column":30},"end":{"line":7,"column":64}},"6":{"start":{"line":8,"column":21},"end":{"line":8,"column":46}},"7":{"start":{"line":9,"column":25},"end":{"line":9,"column":54}},"8":{"start":{"line":10,"column":21},"end":{"line":10,"column":46}},"9":{"start":{"line":11,"column":26},"end":{"line":11,"column":56}},"10":{"start":{"line":12,"column":24},"end":{"line":12,"column":52}},"11":{"start":{"line":13,"column":26},"end":{"line":13,"column":57}},"12":{"start":{"line":16,"column":2},"end":{"line":16,"column":36}},"13":{"start":{"line":17,"column":2},"end":{"line":17,"column":46}},"14":{"start":{"line":18,"column":2},"end":{"line":18,"column":44}},"15":{"start":{"line":19,"column":2},"end":{"line":19,"column":44}},"16":{"start":{"line":20,"column":2},"end":{"line":20,"column":52}},"17":{"start":{"line":21,"column":2},"end":{"line":21,"column":60}},"18":{"start":{"line":22,"column":2},"end":{"line":22,"column":40}},"19":{"start":{"line":23,"column":2},"end":{"line":23,"column":47}},"20":{"start":{"line":24,"column":2},"end":{"line":24,"column":41}},"21":{"start":{"line":25,"column":2},"end":{"line":25,"column":51}},"22":{"start":{"line":26,"column":2},"end":{"line":26,"column":47}},"23":{"start":{"line":27,"column":2},"end":{"line":27,"column":51}},"24":{"start":{"line":30,"column":0},"end":{"line":30,"column":32}}},"fnMap":{"0":{"name":"registerRoutes","decl":{"start":{"line":15,"column":9},"end":{"line":15,"column":23}},"loc":{"start":{"line":15,"column":29},"end":{"line":28,"column":1}},"line":15}},"branchMap":{},"s":{"0":7,"1":7,"2":7,"3":7,"4":7,"5":7,"6":7,"7":7,"8":7,"9":7,"10":7,"11":7,"12":7,"13":7,"14":7,"15":7,"16":7,"17":7,"18":7,"19":7,"20":7,"21":7,"22":7,"23":7,"24":7},"f":{"0":7},"b":{},"_coverageSchema":"1a1c01bbd47fc00a2c39e90264f33305004495a9","hash":"906bdec863e6f2e96357aab118de7a984efafdb4"}
,"C:\\Users\\sally\\Desktop\\GitHubRep\\IU-Quiz-Academy\\Backend\\routes\\lastSessionRoutes.js": {"path":"C:\\Users\\sally\\Desktop\\GitHubRep\\IU-Quiz-Academy\\Backend\\routes\\lastSessionRoutes.js","statementMap":{"0":{"start":{"line":1,"column":16},"end":{"line":1,"column":34}},"1":{"start":{"line":2,"column":15},"end":{"line":2,"column":31}},"2":{"start":{"line":3,"column":22},"end":{"line":3,"column":42}},"3":{"start":{"line":6,"column":0},"end":{"line":33,"column":3}},"4":{"start":{"line":7,"column":15},"end":{"line":7,"column":16}},"5":{"start":{"line":9,"column":0},"end":{"line":32,"column":1}},"6":{"start":{"line":10,"column":24},"end":{"line":22,"column":4}},"7":{"start":{"line":24,"column":2},"end":{"line":26,"column":3}},"8":{"start":{"line":25,"column":4},"end":{"line":25,"column":49}},"9":{"start":{"line":28,"column":2},"end":{"line":28,"column":24}},"10":{"start":{"line":30,"column":2},"end":{"line":30,"column":52}},"11":{"start":{"line":31,"column":2},"end":{"line":31,"column":59}},"12":{"start":{"line":35,"column":0},"end":{"line":35,"column":24}}},"fnMap":{"0":{"name":"(anonymous_0)","decl":{"start":{"line":6,"column":16},"end":{"line":6,"column":17}},"loc":{"start":{"line":6,"column":36},"end":{"line":33,"column":1}},"line":6}},"branchMap":{"0":{"loc":{"start":{"line":24,"column":2},"end":{"line":26,"column":3}},"type":"if","locations":[{"start":{"line":24,"column":2},"end":{"line":26,"column":3}},{"start":{},"end":{}}],"line":24}},"s":{"0":7,"1":7,"2":7,"3":7,"4":0,"5":0,"6":0,"7":0,"8":0,"9":0,"10":0,"11":0,"12":7},"f":{"0":0},"b":{"0":[0,0]},"_coverageSchema":"1a1c01bbd47fc00a2c39e90264f33305004495a9","hash":"6418ed056a35a886110570bf5808d1652471033b"}
,"C:\\Users\\sally\\Desktop\\GitHubRep\\IU-Quiz-Academy\\Backend\\routes\\questionRoutes.js": {"path":"C:\\Users\\sally\\Desktop\\GitHubRep\\IU-Quiz-Academy\\Backend\\routes\\questionRoutes.js","statementMap":{"0":{"start":{"line":1,"column":16},"end":{"line":1,"column":34}},"1":{"start":{"line":2,"column":42},"end":{"line":2,"column":70}},"2":{"start":{"line":3,"column":15},"end":{"line":3,"column":31}},"3":{"start":{"line":4,"column":27},"end":{"line":4,"column":71}},"4":{"start":{"line":7,"column":17},"end":{"line":13,"column":1}},"5":{"start":{"line":8,"column":15},"end":{"line":8,"column":36}},"6":{"start":{"line":9,"column":0},"end":{"line":11,"column":1}},"7":{"start":{"line":10,"column":2},"end":{"line":10,"column":58}},"8":{"start":{"line":12,"column":0},"end":{"line":12,"column":7}},"9":{"start":{"line":16,"column":0},"end":{"line":31,"column":2}},"10":{"start":{"line":35,"column":0},"end":{"line":44,"column":2}},"11":{"start":{"line":48,"column":0},"end":{"line":57,"column":2}},"12":{"start":{"line":61,"column":0},"end":{"line":70,"column":2}},"13":{"start":{"line":72,"column":0},"end":{"line":72,"column":24}}},"fnMap":{"0":{"name":"(anonymous_0)","decl":{"start":{"line":7,"column":17},"end":{"line":7,"column":18}},"loc":{"start":{"line":7,"column":37},"end":{"line":13,"column":1}},"line":7}},"branchMap":{"0":{"loc":{"start":{"line":9,"column":0},"end":{"line":11,"column":1}},"type":"if","locations":[{"start":{"line":9,"column":0},"end":{"line":11,"column":1}},{"start":{},"end":{}}],"line":9}},"s":{"0":7,"1":7,"2":7,"3":7,"4":7,"5":0,"6":0,"7":0,"8":0,"9":7,"10":7,"11":7,"12":7,"13":7},"f":{"0":0},"b":{"0":[0,0]},"_coverageSchema":"1a1c01bbd47fc00a2c39e90264f33305004495a9","hash":"06e2c1e32a046d02d3daf83af98ba2503cebc3b6"}
,"C:\\Users\\sally\\Desktop\\GitHubRep\\IU-Quiz-Academy\\Backend\\routes\\quizRoomRoutes.js": {"path":"C:\\Users\\sally\\Desktop\\GitHubRep\\IU-Quiz-Academy\\Backend\\routes\\quizRoomRoutes.js","statementMap":{"0":{"start":{"line":1,"column":16},"end":{"line":1,"column":34}},"1":{"start":{"line":2,"column":42},"end":{"line":2,"column":70}},"2":{"start":{"line":3,"column":15},"end":{"line":3,"column":31}},"3":{"start":{"line":4,"column":27},"end":{"line":4,"column":71}},"4":{"start":{"line":7,"column":17},"end":{"line":13,"column":1}},"5":{"start":{"line":8,"column":15},"end":{"line":8,"column":36}},"6":{"start":{"line":9,"column":0},"end":{"line":11,"column":1}},"7":{"start":{"line":10,"column":2},"end":{"line":10,"column":58}},"8":{"start":{"line":12,"column":0},"end":{"line":12,"column":7}},"9":{"start":{"line":16,"column":0},"end":{"line":16,"column":52}},"10":{"start":{"line":19,"column":0},"end":{"line":36,"column":2}},"11":{"start":{"line":39,"column":0},"end":{"line":48,"column":2}},"12":{"start":{"line":51,"column":0},"end":{"line":60,"column":2}},"13":{"start":{"line":63,"column":0},"end":{"line":84,"column":2}},"14":{"start":{"line":86,"column":0},"end":{"line":86,"column":24}}},"fnMap":{"0":{"name":"(anonymous_0)","decl":{"start":{"line":7,"column":17},"end":{"line":7,"column":18}},"loc":{"start":{"line":7,"column":37},"end":{"line":13,"column":1}},"line":7}},"branchMap":{"0":{"loc":{"start":{"line":9,"column":0},"end":{"line":11,"column":1}},"type":"if","locations":[{"start":{"line":9,"column":0},"end":{"line":11,"column":1}},{"start":{},"end":{}}],"line":9}},"s":{"0":7,"1":7,"2":7,"3":7,"4":7,"5":0,"6":0,"7":0,"8":0,"9":7,"10":7,"11":7,"12":7,"13":7,"14":7},"f":{"0":0},"b":{"0":[0,0]},"_coverageSchema":"1a1c01bbd47fc00a2c39e90264f33305004495a9","hash":"985ab7b1f1a381de1277dac203b3370a4054fa2e"}
,"C:\\Users\\sally\\Desktop\\GitHubRep\\IU-Quiz-Academy\\Backend\\routes\\quizSessionRoutes.js": {"path":"C:\\Users\\sally\\Desktop\\GitHubRep\\IU-Quiz-Academy\\Backend\\routes\\quizSessionRoutes.js","statementMap":{"0":{"start":{"line":1,"column":16},"end":{"line":1,"column":34}},"1":{"start":{"line":2,"column":15},"end":{"line":2,"column":31}},"2":{"start":{"line":3,"column":30},"end":{"line":3,"column":77}},"3":{"start":{"line":6,"column":0},"end":{"line":6,"column":54}},"4":{"start":{"line":9,"column":0},"end":{"line":9,"column":53}},"5":{"start":{"line":12,"column":0},"end":{"line":12,"column":57}},"6":{"start":{"line":15,"column":0},"end":{"line":15,"column":59}},"7":{"start":{"line":17,"column":0},"end":{"line":17,"column":24}}},"fnMap":{},"branchMap":{},"s":{"0":7,"1":7,"2":7,"3":7,"4":7,"5":7,"6":7,"7":7},"f":{},"b":{},"_coverageSchema":"1a1c01bbd47fc00a2c39e90264f33305004495a9","hash":"6647f404cc46d83dd660b8620ffeaec28ac8983f"}
,"C:\\Users\\sally\\Desktop\\GitHubRep\\IU-Quiz-Academy\\Backend\\routes\\reasonRoutes.js": {"path":"C:\\Users\\sally\\Desktop\\GitHubRep\\IU-Quiz-Academy\\Backend\\routes\\reasonRoutes.js","statementMap":{"0":{"start":{"line":1,"column":16},"end":{"line":1,"column":34}},"1":{"start":{"line":2,"column":15},"end":{"line":2,"column":31}},"2":{"start":{"line":3,"column":25},"end":{"line":3,"column":67}},"3":{"start":{"line":6,"column":0},"end":{"line":6,"column":48}},"4":{"start":{"line":9,"column":0},"end":{"line":9,"column":75}},"5":{"start":{"line":12,"column":0},"end":{"line":12,"column":53}},"6":{"start":{"line":14,"column":0},"end":{"line":14,"column":24}}},"fnMap":{},"branchMap":{},"s":{"0":7,"1":7,"2":7,"3":7,"4":7,"5":7,"6":7},"f":{},"b":{},"_coverageSchema":"1a1c01bbd47fc00a2c39e90264f33305004495a9","hash":"17637adc879f910d90c45ed8af0cbcd68f36c496"}
,"C:\\Users\\sally\\Desktop\\GitHubRep\\IU-Quiz-Academy\\Backend\\routes\\statisticsRoutes.js": {"path":"C:\\Users\\sally\\Desktop\\GitHubRep\\IU-Quiz-Academy\\Backend\\routes\\statisticsRoutes.js","statementMap":{"0":{"start":{"line":1,"column":16},"end":{"line":1,"column":34}},"1":{"start":{"line":2,"column":15},"end":{"line":2,"column":31}},"2":{"start":{"line":3,"column":22},"end":{"line":3,"column":42}},"3":{"start":{"line":6,"column":0},"end":{"line":39,"column":3}},"4":{"start":{"line":7,"column":15},"end":{"line":7,"column":32}},"5":{"start":{"line":9,"column":0},"end":{"line":38,"column":1}},"6":{"start":{"line":10,"column":25},"end":{"line":14,"column":67}},"7":{"start":{"line":16,"column":24},"end":{"line":22,"column":67}},"8":{"start":{"line":24,"column":24},"end":{"line":28,"column":67}},"9":{"start":{"line":30,"column":2},"end":{"line":34,"column":5}},"10":{"start":{"line":36,"column":2},"end":{"line":36,"column":61}},"11":{"start":{"line":37,"column":2},"end":{"line":37,"column":59}},"12":{"start":{"line":41,"column":0},"end":{"line":41,"column":24}}},"fnMap":{"0":{"name":"(anonymous_0)","decl":{"start":{"line":6,"column":16},"end":{"line":6,"column":17}},"loc":{"start":{"line":6,"column":36},"end":{"line":39,"column":1}},"line":6}},"branchMap":{"0":{"loc":{"start":{"line":7,"column":15},"end":{"line":7,"column":32}},"type":"binary-expr","locations":[{"start":{"line":7,"column":15},"end":{"line":7,"column":27}},{"start":{"line":7,"column":31},"end":{"line":7,"column":32}}],"line":7},"1":{"loc":{"start":{"line":31,"column":18},"end":{"line":31,"column":49}},"type":"binary-expr","locations":[{"start":{"line":31,"column":18},"end":{"line":31,"column":44}},{"start":{"line":31,"column":48},"end":{"line":31,"column":49}}],"line":31},"2":{"loc":{"start":{"line":32,"column":17},"end":{"line":32,"column":46}},"type":"binary-expr","locations":[{"start":{"line":32,"column":17},"end":{"line":32,"column":41}},{"start":{"line":32,"column":45},"end":{"line":32,"column":46}}],"line":32},"3":{"loc":{"start":{"line":33,"column":17},"end":{"line":33,"column":46}},"type":"binary-expr","locations":[{"start":{"line":33,"column":17},"end":{"line":33,"column":41}},{"start":{"line":33,"column":45},"end":{"line":33,"column":46}}],"line":33}},"s":{"0":7,"1":7,"2":7,"3":7,"4":0,"5":0,"6":0,"7":0,"8":0,"9":0,"10":0,"11":0,"12":7},"f":{"0":0},"b":{"0":[0,0],"1":[0,0],"2":[0,0],"3":[0,0]},"_coverageSchema":"1a1c01bbd47fc00a2c39e90264f33305004495a9","hash":"921243fa2f7ec25061670e7b8c0578081daa798b"}
,"C:\\Users\\sally\\Desktop\\GitHubRep\\IU-Quiz-Academy\\Backend\\routes\\userMeRoutes.js": {"path":"C:\\Users\\sally\\Desktop\\GitHubRep\\IU-Quiz-Academy\\Backend\\routes\\userMeRoutes.js","statementMap":{"0":{"start":{"line":1,"column":16},"end":{"line":1,"column":34}},"1":{"start":{"line":2,"column":15},"end":{"line":2,"column":31}},"2":{"start":{"line":3,"column":17},"end":{"line":3,"column":37}},"3":{"start":{"line":6,"column":0},"end":{"line":21,"column":3}},"4":{"start":{"line":7,"column":15},"end":{"line":7,"column":16}},"5":{"start":{"line":9,"column":0},"end":{"line":20,"column":1}},"6":{"start":{"line":10,"column":15},"end":{"line":12,"column":4}},"7":{"start":{"line":14,"column":2},"end":{"line":14,"column":79}},"8":{"start":{"line":14,"column":13},"end":{"line":14,"column":79}},"9":{"start":{"line":16,"column":2},"end":{"line":16,"column":17}},"10":{"start":{"line":18,"column":2},"end":{"line":18,"column":59}},"11":{"start":{"line":19,"column":2},"end":{"line":19,"column":59}},"12":{"start":{"line":23,"column":0},"end":{"line":23,"column":24}}},"fnMap":{"0":{"name":"(anonymous_0)","decl":{"start":{"line":6,"column":16},"end":{"line":6,"column":17}},"loc":{"start":{"line":6,"column":36},"end":{"line":21,"column":1}},"line":6}},"branchMap":{"0":{"loc":{"start":{"line":14,"column":2},"end":{"line":14,"column":79}},"type":"if","locations":[{"start":{"line":14,"column":2},"end":{"line":14,"column":79}},{"start":{},"end":{}}],"line":14}},"s":{"0":7,"1":7,"2":7,"3":7,"4":0,"5":0,"6":0,"7":0,"8":0,"9":0,"10":0,"11":0,"12":7},"f":{"0":0},"b":{"0":[0,0]},"_coverageSchema":"1a1c01bbd47fc00a2c39e90264f33305004495a9","hash":"9eca0e59d490c9119c9bddc5a385a9723007d072"}
,"C:\\Users\\sally\\Desktop\\GitHubRep\\IU-Quiz-Academy\\Backend\\routes\\userRoutes.js": {"path":"C:\\Users\\sally\\Desktop\\GitHubRep\\IU-Quiz-Academy\\Backend\\routes\\userRoutes.js","statementMap":{"0":{"start":{"line":1,"column":16},"end":{"line":1,"column":34}},"1":{"start":{"line":2,"column":42},"end":{"line":2,"column":70}},"2":{"start":{"line":3,"column":15},"end":{"line":3,"column":31}},"3":{"start":{"line":4,"column":23},"end":{"line":4,"column":63}},"4":{"start":{"line":7,"column":26},"end":{"line":7,"column":69}},"5":{"start":{"line":10,"column":21},"end":{"line":10,"column":59}},"6":{"start":{"line":13,"column":17},"end":{"line":19,"column":1}},"7":{"start":{"line":14,"column":15},"end":{"line":14,"column":36}},"8":{"start":{"line":15,"column":0},"end":{"line":17,"column":1}},"9":{"start":{"line":16,"column":2},"end":{"line":16,"column":58}},"10":{"start":{"line":18,"column":0},"end":{"line":18,"column":7}},"11":{"start":{"line":22,"column":0},"end":{"line":22,"column":77}},"12":{"start":{"line":25,"column":0},"end":{"line":39,"column":2}},"13":{"start":{"line":42,"column":0},"end":{"line":50,"column":2}},"14":{"start":{"line":53,"column":0},"end":{"line":62,"column":2}},"15":{"start":{"line":64,"column":0},"end":{"line":64,"column":24}}},"fnMap":{"0":{"name":"(anonymous_0)","decl":{"start":{"line":13,"column":17},"end":{"line":13,"column":18}},"loc":{"start":{"line":13,"column":37},"end":{"line":19,"column":1}},"line":13}},"branchMap":{"0":{"loc":{"start":{"line":15,"column":0},"end":{"line":17,"column":1}},"type":"if","locations":[{"start":{"line":15,"column":0},"end":{"line":17,"column":1}},{"start":{},"end":{}}],"line":15}},"s":{"0":7,"1":7,"2":7,"3":7,"4":7,"5":7,"6":7,"7":0,"8":0,"9":0,"10":0,"11":7,"12":7,"13":7,"14":7,"15":7},"f":{"0":0},"b":{"0":[0,0]},"_coverageSchema":"1a1c01bbd47fc00a2c39e90264f33305004495a9","hash":"1c40fa459cba73dc0152d08fff28c0d2fd51c80c"}
}
