TN:
SF:app.js
FN:25,(anonymous_0)
FNF:1
FNH:0
FNDA:0,(anonymous_0)
DA:1,7
DA:2,7
DA:3,7
DA:4,7
DA:5,7
DA:6,7
DA:7,7
DA:8,7
DA:10,7
DA:13,7
DA:14,7
DA:15,7
DA:19,7
DA:22,7
DA:25,7
DA:26,0
DA:29,7
LF:17
LH:16
BRF:0
BRH:0
end_of_record
TN:
SF:config\database.js
FN:28,testConnection
FNF:1
FNH:0
FNDA:0,testConnection
DA:2,7
DA:5,7
DA:8,7
DA:11,7
DA:29,0
DA:30,0
DA:31,0
DA:32,0
DA:35,0
DA:36,0
DA:41,7
LF:11
LH:5
BRDA:18,0,0,7
BRDA:18,0,1,0
BRF:2
BRH:1
end_of_record
TN:
SF:controllers\answerInSessionController.js
FN:4,(anonymous_0)
FN:24,(anonymous_1)
FN:54,(anonymous_2)
FNF:3
FNH:0
FNDA:0,(anonymous_0)
FNDA:0,(anonymous_1)
FNDA:0,(anonymous_2)
DA:1,7
DA:4,7
DA:5,0
DA:7,0
DA:8,0
DA:16,0
DA:18,0
DA:19,0
DA:24,7
DA:25,0
DA:28,0
DA:34,0
DA:37,0
DA:38,0
DA:46,0
DA:48,0
DA:49,0
DA:54,7
DA:55,0
DA:57,0
DA:58,0
DA:60,0
DA:62,0
DA:65,0
DA:67,0
DA:68,0
LF:26
LH:4
BRDA:28,0,0,0
BRDA:28,0,1,0
BRDA:29,1,0,0
BRDA:29,1,1,0
BRDA:29,1,2,0
BRDA:29,1,3,0
BRDA:60,2,0,0
BRDA:60,2,1,0
BRF:8
BRH:0
end_of_record
TN:
SF:controllers\answerOptionController.js
FN:4,(anonymous_0)
FN:33,(anonymous_1)
FN:53,(anonymous_2)
FNF:3
FNH:3
FNDA:1,(anonymous_0)
FNDA:1,(anonymous_1)
FNDA:2,(anonymous_2)
DA:1,7
DA:4,7
DA:6,1
DA:9,1
DA:10,0
DA:15,1
DA:17,1
DA:24,1
DA:27,0
DA:28,0
DA:33,7
DA:34,1
DA:36,1
DA:38,1
DA:44,1
DA:47,0
DA:48,0
DA:53,7
DA:54,2
DA:56,2
DA:58,2
DA:60,2
DA:62,1
DA:66,1
DA:69,0
DA:70,0
LF:26
LH:19
BRDA:9,0,0,0
BRDA:9,0,1,1
BRDA:9,1,0,1
BRDA:9,1,1,1
BRDA:9,1,2,1
BRDA:60,2,0,1
BRDA:60,2,1,1
BRF:7
BRH:6
end_of_record
TN:
SF:controllers\forumPostController.js
FN:4,(anonymous_0)
FN:31,(anonymous_1)
FNF:2
FNH:0
FNDA:0,(anonymous_0)
FNDA:0,(anonymous_1)
DA:1,7
DA:4,7
DA:5,0
DA:6,0
DA:10,0
DA:22,0
DA:25,0
DA:26,0
DA:31,7
DA:32,0
DA:33,0
DA:36,0
DA:37,0
DA:41,0
DA:48,0
DA:58,0
DA:61,0
DA:62,0
DA:67,7
LF:19
LH:4
BRDA:36,0,0,0
BRDA:36,0,1,0
BRDA:36,1,0,0
BRDA:36,1,1,0
BRDA:36,1,2,0
BRF:5
BRH:0
end_of_record
TN:
SF:controllers\forumThreadsController.js
FN:5,(anonymous_0)
FN:37,(anonymous_1)
FN:68,(anonymous_2)
FNF:3
FNH:0
FNDA:0,(anonymous_0)
FNDA:0,(anonymous_1)
FNDA:0,(anonymous_2)
DA:1,7
DA:5,7
DA:6,0
DA:7,0
DA:8,0
DA:11,0
DA:28,0
DA:31,0
DA:32,0
DA:37,7
DA:38,0
DA:40,0
DA:55,0
DA:57,0
DA:60,0
DA:62,0
DA:63,0
DA:68,7
DA:69,0
DA:70,0
DA:73,0
DA:74,0
DA:78,0
DA:84,0
DA:86,0
DA:87,0
DA:92,7
LF:27
LH:5
BRDA:8,0,0,0
BRDA:8,0,1,0
BRDA:55,1,0,0
BRDA:55,1,1,0
BRDA:73,2,0,0
BRDA:73,2,1,0
BRDA:73,3,0,0
BRDA:73,3,1,0
BRDA:81,4,0,0
BRDA:81,4,1,0
BRF:10
BRH:0
end_of_record
TN:
SF:controllers\questionController.js
FN:4,(anonymous_0)
FN:33,(anonymous_1)
FN:48,(anonymous_2)
FN:68,(anonymous_3)
FNF:4
FNH:0
FNDA:0,(anonymous_0)
FNDA:0,(anonymous_1)
FNDA:0,(anonymous_2)
FNDA:0,(anonymous_3)
DA:1,7
DA:4,7
DA:6,0
DA:9,0
DA:10,0
DA:15,0
DA:17,0
DA:24,0
DA:27,0
DA:28,0
DA:33,7
DA:34,0
DA:35,0
DA:36,0
DA:37,0
DA:38,0
DA:40,0
DA:42,0
DA:43,0
DA:48,7
DA:49,0
DA:51,0
DA:53,0
DA:59,0
DA:62,0
DA:63,0
DA:68,7
DA:69,0
DA:71,0
DA:73,0
DA:75,0
DA:77,0
DA:81,0
DA:84,0
DA:85,0
LF:35
LH:5
BRDA:9,0,0,0
BRDA:9,0,1,0
BRDA:9,1,0,0
BRDA:9,1,1,0
BRDA:9,1,2,0
BRDA:37,2,0,0
BRDA:37,2,1,0
BRDA:75,3,0,0
BRDA:75,3,1,0
BRF:9
BRH:0
end_of_record
TN:
SF:controllers\quizRoomController.js
FN:5,(anonymous_0)
FN:22,(anonymous_1)
FN:46,(anonymous_2)
FN:71,(anonymous_3)
FN:91,(anonymous_4)
FNF:5
FNH:0
FNDA:0,(anonymous_0)
FNDA:0,(anonymous_1)
FNDA:0,(anonymous_2)
FNDA:0,(anonymous_3)
FNDA:0,(anonymous_4)
DA:1,7
DA:5,7
DA:6,0
DA:7,0
DA:14,0
DA:16,0
DA:17,0
DA:22,7
DA:23,0
DA:24,0
DA:27,0
DA:28,0
DA:31,0
DA:33,0
DA:38,0
DA:40,0
DA:41,0
DA:46,7
DA:47,0
DA:49,0
DA:50,0
DA:59,0
DA:60,0
DA:63,0
DA:65,0
DA:66,0
DA:71,7
DA:72,0
DA:74,0
DA:76,0
DA:79,0
DA:80,0
DA:83,0
DA:85,0
DA:86,0
DA:91,7
DA:92,0
DA:93,0
DA:94,0
DA:96,0
DA:98,0
DA:101,0
DA:102,0
DA:106,0
DA:107,0
DA:108,0
DA:110,0
DA:112,0
DA:114,0
DA:115,0
LF:50
LH:6
BRDA:27,0,0,0
BRDA:27,0,1,0
BRDA:36,1,0,0
BRDA:36,1,1,0
BRDA:59,2,0,0
BRDA:59,2,1,0
BRDA:79,3,0,0
BRDA:79,3,1,0
BRDA:101,4,0,0
BRDA:101,4,1,0
BRDA:106,5,0,0
BRDA:106,5,1,0
BRDA:107,6,0,0
BRDA:107,6,1,0
BRDA:108,7,0,0
BRDA:108,7,1,0
BRF:16
BRH:0
end_of_record
TN:
SF:controllers\quizSessionController.js
FN:5,(anonymous_0)
FN:21,(anonymous_1)
FN:46,(anonymous_2)
FN:71,(anonymous_3)
FNF:4
FNH:0
FNDA:0,(anonymous_0)
FNDA:0,(anonymous_1)
FNDA:0,(anonymous_2)
FNDA:0,(anonymous_3)
DA:1,7
DA:5,7
DA:6,0
DA:7,0
DA:13,0
DA:15,0
DA:16,0
DA:21,7
DA:22,0
DA:25,0
DA:26,0
DA:29,0
DA:31,0
DA:38,0
DA:40,0
DA:41,0
DA:46,7
DA:47,0
DA:49,0
DA:51,0
DA:59,0
DA:60,0
DA:63,0
DA:65,0
DA:66,0
DA:71,7
DA:72,0
DA:74,0
DA:76,0
DA:77,0
DA:78,0
DA:82,0
DA:83,0
DA:84,0
DA:87,0
DA:89,0
DA:90,0
LF:37
LH:5
BRDA:25,0,0,0
BRDA:25,0,1,0
BRDA:25,1,0,0
BRDA:25,1,1,0
BRDA:59,2,0,0
BRDA:59,2,1,0
BRDA:77,3,0,0
BRDA:77,3,1,0
BRF:8
BRH:0
end_of_record
TN:
SF:controllers\reasonController.js
FN:4,(anonymous_0)
FN:29,(anonymous_1)
FN:47,(anonymous_2)
FNF:3
FNH:0
FNDA:0,(anonymous_0)
FNDA:0,(anonymous_1)
FNDA:0,(anonymous_2)
DA:1,7
DA:4,7
DA:5,0
DA:8,0
DA:9,0
DA:12,0
DA:14,0
DA:21,0
DA:23,0
DA:24,0
DA:29,7
DA:30,0
DA:32,0
DA:34,0
DA:39,0
DA:41,0
DA:42,0
DA:47,7
DA:48,0
DA:50,0
DA:52,0
DA:55,0
DA:56,0
DA:59,0
DA:61,0
DA:62,0
LF:26
LH:4
BRDA:8,0,0,0
BRDA:8,0,1,0
BRDA:8,1,0,0
BRDA:8,1,1,0
BRDA:8,1,2,0
BRDA:55,2,0,0
BRDA:55,2,1,0
BRF:7
BRH:0
end_of_record
TN:
SF:controllers\userController.js
FN:7,(anonymous_0)
FN:19,(anonymous_1)
FN:45,(anonymous_2)
FN:91,(anonymous_3)
FNF:4
FNH:0
FNDA:0,(anonymous_0)
FNDA:0,(anonymous_1)
FNDA:0,(anonymous_2)
FNDA:0,(anonymous_3)
DA:1,7
DA:3,7
DA:4,7
DA:7,7
DA:8,0
DA:9,0
DA:12,0
DA:14,0
DA:19,7
DA:20,0
DA:23,0
DA:24,0
DA:27,0
DA:29,0
DA:31,0
DA:34,0
DA:40,0
DA:45,7
DA:46,0
DA:49,0
DA:50,0
DA:53,0
DA:55,0
DA:58,0
DA:59,0
DA:63,0
DA:64,0
DA:65,0
DA:69,0
DA:76,0
DA:86,0
DA:91,7
DA:92,0
DA:94,0
DA:96,0
DA:99,0
DA:100,0
DA:104,0
DA:105,0
DA:107,0
LF:40
LH:7
BRDA:20,0,0,0
BRDA:23,1,0,0
BRDA:23,1,1,0
BRDA:23,2,0,0
BRDA:23,2,1,0
BRDA:49,3,0,0
BRDA:49,3,1,0
BRDA:49,4,0,0
BRDA:49,4,1,0
BRDA:58,5,0,0
BRDA:58,5,1,0
BRDA:64,6,0,0
BRDA:64,6,1,0
BRDA:99,7,0,0
BRDA:99,7,1,0
BRF:15
BRH:0
end_of_record
TN:
SF:middlewares\authenticateToken.js
FN:4,(anonymous_0)
FNF:1
FNH:0
FNDA:0,(anonymous_0)
DA:1,7
DA:2,7
DA:4,7
DA:5,0
DA:6,0
DA:9,0
DA:11,0
DA:12,0
DA:13,0
DA:14,0
DA:16,0
DA:17,0
DA:19,0
LF:13
LH:3
BRDA:6,0,0,0
BRDA:6,0,1,0
BRDA:9,1,0,0
BRDA:9,1,1,0
BRDA:14,2,0,0
BRDA:14,2,1,0
BRF:6
BRH:0
end_of_record
TN:
SF:middlewares\errorHandler.js
FN:1,(anonymous_0)
FNF:1
FNH:0
FNDA:0,(anonymous_0)
DA:1,7
DA:2,0
DA:3,0
LF:3
LH:1
BRDA:3,0,0,0
BRDA:3,0,1,0
BRDA:3,1,0,0
BRDA:3,1,1,0
BRF:4
BRH:0
end_of_record
TN:
SF:middlewares\requestLogger.js
FN:3,(anonymous_0)
FNF:1
FNH:1
FNDA:4,(anonymous_0)
DA:1,7
DA:3,7
DA:4,4
DA:5,4
DA:6,4
DA:7,4
DA:9,4
DA:11,4
DA:14,7
LF:9
LH:9
BRDA:7,0,0,0
BRDA:7,0,1,4
BRF:2
BRH:1
end_of_record
TN:
SF:middlewares\requireAdmin.js
FN:1,(anonymous_0)
FNF:1
FNH:0
FNDA:0,(anonymous_0)
DA:1,7
DA:2,0
DA:3,0
DA:5,0
LF:4
LH:1
BRDA:2,0,0,0
BRDA:2,0,1,0
BRDA:2,1,0,0
BRDA:2,1,1,0
BRF:4
BRH:0
end_of_record
TN:
SF:models\AnswerInSession.js
FNF:0
FNH:0
DA:1,7
DA:2,7
DA:4,7
DA:49,7
LF:4
LH:4
BRF:0
BRH:0
end_of_record
TN:
SF:models\AnswerOption.js
FNF:0
FNH:0
DA:1,7
DA:2,7
DA:4,7
DA:34,7
LF:4
LH:4
BRF:0
BRH:0
end_of_record
TN:
SF:models\ForumPost.js
FNF:0
FNH:0
DA:1,7
DA:2,7
DA:4,7
DA:23,7
LF:4
LH:4
BRF:0
BRH:0
end_of_record
TN:
SF:models\ForumThreads.js
FNF:0
FNH:0
DA:1,7
DA:2,7
DA:4,7
DA:23,7
LF:4
LH:4
BRF:0
BRH:0
end_of_record
TN:
SF:models\Question.js
FNF:0
FNH:0
DA:1,7
DA:2,7
DA:4,7
DA:36,7
LF:4
LH:4
BRF:0
BRH:0
end_of_record
TN:
SF:models\QuizRoom.js
FNF:0
FNH:0
DA:1,7
DA:2,7
DA:4,7
DA:34,7
LF:4
LH:4
BRF:0
BRH:0
end_of_record
TN:
SF:models\QuizSession.js
FNF:0
FNH:0
DA:1,7
DA:2,7
DA:4,7
DA:52,7
LF:4
LH:4
BRF:0
BRH:0
end_of_record
TN:
SF:models\Reason.js
FNF:0
FNH:0
DA:1,7
DA:2,7
DA:4,7
DA:35,7
LF:4
LH:4
BRF:0
BRH:0
end_of_record
TN:
SF:models\User.js
FNF:0
FNH:0
DA:1,7
DA:2,7
DA:4,7
DA:35,7
LF:4
LH:4
BRF:0
BRH:0
end_of_record
TN:
SF:models\index.js
FNF:0
FNH:0
DA:2,7
DA:5,7
DA:6,7
DA:7,7
DA:8,7
DA:9,7
DA:10,7
DA:11,7
DA:12,7
DA:13,7
DA:17,7
DA:18,7
DA:21,7
DA:22,7
DA:25,7
DA:26,7
DA:29,7
DA:30,7
DA:33,7
DA:34,7
DA:37,7
DA:38,7
DA:41,7
DA:42,7
DA:45,7
DA:46,7
DA:49,7
DA:50,7
DA:53,7
DA:54,7
DA:57,7
DA:58,7
DA:61,7
DA:62,7
DA:66,7
LF:35
LH:35
BRF:0
BRH:0
end_of_record
TN:
SF:routes\answerInSessionRoutes.js
FNF:0
FNH:0
DA:1,7
DA:2,7
DA:3,7
DA:6,7
DA:9,7
DA:12,7
DA:14,7
LF:7
LH:7
BRF:0
BRH:0
end_of_record
TN:
SF:routes\answerOptionRoutes.js
FNF:0
FNH:0
DA:1,7
DA:2,7
DA:3,7
DA:6,7
DA:9,7
DA:12,7
DA:14,7
LF:7
LH:7
BRF:0
BRH:0
end_of_record
TN:
SF:routes\forumPostRoutes.js
FNF:0
FNH:0
DA:1,7
DA:2,7
DA:3,7
DA:6,7
DA:9,7
DA:11,7
LF:6
LH:6
BRF:0
BRH:0
end_of_record
TN:
SF:routes\forumThreadsRoutes.js
FNF:0
FNH:0
DA:1,7
DA:2,7
DA:3,7
DA:5,7
DA:6,7
DA:7,7
DA:9,7
LF:7
LH:7
BRF:0
BRH:0
end_of_record
TN:
SF:routes\index.js
FN:15,registerRoutes
FNF:1
FNH:1
FNDA:7,registerRoutes
DA:2,7
DA:3,7
DA:4,7
DA:5,7
DA:6,7
DA:7,7
DA:8,7
DA:9,7
DA:10,7
DA:11,7
DA:12,7
DA:13,7
DA:16,7
DA:17,7
DA:18,7
DA:19,7
DA:20,7
DA:21,7
DA:22,7
DA:23,7
DA:24,7
DA:25,7
DA:26,7
DA:27,7
DA:30,7
LF:25
LH:25
BRF:0
BRH:0
end_of_record
TN:
SF:routes\lastSessionRoutes.js
FN:6,(anonymous_0)
FNF:1
FNH:0
FNDA:0,(anonymous_0)
DA:1,7
DA:2,7
DA:3,7
DA:6,7
DA:7,0
DA:9,0
DA:10,0
DA:24,0
DA:25,0
DA:28,0
DA:30,0
DA:31,0
DA:35,7
LF:13
LH:5
BRDA:24,0,0,0
BRDA:24,0,1,0
BRF:2
BRH:0
end_of_record
TN:
SF:routes\questionRoutes.js
FN:7,(anonymous_0)
FNF:1
FNH:0
FNDA:0,(anonymous_0)
DA:1,7
DA:2,7
DA:3,7
DA:4,7
DA:7,7
DA:8,0
DA:9,0
DA:10,0
DA:12,0
DA:16,7
DA:35,7
DA:48,7
DA:61,7
DA:72,7
LF:14
LH:10
BRDA:9,0,0,0
BRDA:9,0,1,0
BRF:2
BRH:0
end_of_record
TN:
SF:routes\quizRoomRoutes.js
FN:7,(anonymous_0)
FNF:1
FNH:0
FNDA:0,(anonymous_0)
DA:1,7
DA:2,7
DA:3,7
DA:4,7
DA:7,7
DA:8,0
DA:9,0
DA:10,0
DA:12,0
DA:16,7
DA:19,7
DA:39,7
DA:51,7
DA:63,7
DA:86,7
LF:15
LH:11
BRDA:9,0,0,0
BRDA:9,0,1,0
BRF:2
BRH:0
end_of_record
TN:
SF:routes\quizSessionRoutes.js
FNF:0
FNH:0
DA:1,7
DA:2,7
DA:3,7
DA:6,7
DA:9,7
DA:12,7
DA:15,7
DA:17,7
LF:8
LH:8
BRF:0
BRH:0
end_of_record
TN:
SF:routes\reasonRoutes.js
FNF:0
FNH:0
DA:1,7
DA:2,7
DA:3,7
DA:6,7
DA:9,7
DA:12,7
DA:14,7
LF:7
LH:7
BRF:0
BRH:0
end_of_record
TN:
SF:routes\statisticsRoutes.js
FN:6,(anonymous_0)
FNF:1
FNH:0
FNDA:0,(anonymous_0)
DA:1,7
DA:2,7
DA:3,7
DA:6,7
DA:7,0
DA:9,0
DA:10,0
DA:16,0
DA:24,0
DA:30,0
DA:36,0
DA:37,0
DA:41,7
LF:13
LH:5
BRDA:7,0,0,0
BRDA:7,0,1,0
BRDA:31,1,0,0
BRDA:31,1,1,0
BRDA:32,2,0,0
BRDA:32,2,1,0
BRDA:33,3,0,0
BRDA:33,3,1,0
BRF:8
BRH:0
end_of_record
TN:
SF:routes\userMeRoutes.js
FN:6,(anonymous_0)
FNF:1
FNH:0
FNDA:0,(anonymous_0)
DA:1,7
DA:2,7
DA:3,7
DA:6,7
DA:7,0
DA:9,0
DA:10,0
DA:14,0
DA:16,0
DA:18,0
DA:19,0
DA:23,7
LF:12
LH:5
BRDA:14,0,0,0
BRDA:14,0,1,0
BRF:2
BRH:0
end_of_record
TN:
SF:routes\userRoutes.js
FN:13,(anonymous_0)
FNF:1
FNH:0
FNDA:0,(anonymous_0)
DA:1,7
DA:2,7
DA:3,7
DA:4,7
DA:7,7
DA:10,7
DA:13,7
DA:14,0
DA:15,0
DA:16,0
DA:18,0
DA:22,7
DA:25,7
DA:42,7
DA:53,7
DA:64,7
LF:16
LH:12
BRDA:15,0,0,0
BRDA:15,0,1,0
BRF:2
BRH:0
end_of_record
